info Loqu | 30/07/2024, 22:24:09 tarixində [Phalcon Sistemi] - Loqun məzmunu: Endpoint: / - Metod: GET - İstifadəçi: Bilinmir - IP: ::1
warn Loqu | 30/07/2024, 22:24:09 tarixində [Phalcon Sistemi] - Loqun məzmunu: IP adresi ::1 olan istifadəçi /dashboard?format=json endpointinə GET metodu ilə daxil olmazdan əvvəl tokeninin vaxtı bitdi
warn Loqu | 30/07/2024, 22:24:09 tarixində [Phalcon Sistemi] - Loqun məzmunu: IP adresi ::1 olan istifadəçi /dashboard?format=json endpointinə GET metodu ilə daxil olmazdan əvvəl tokeninin vaxtı bitdi
info Loqu | 30/07/2024, 22:24:09 tarixində [Phalcon Sistemi] - Loqun məzmunu: Endpoint: / - Metod: GET - İstifadəçi: Bilinmir - IP: ::1
info Loqu | 30/07/2024, 22:24:09 tarixində [Phalcon Sistemi] - Loqun məzmunu: Endpoint: / - Metod: GET - İstifadəçi: Bilinmir - IP: ::1
info Loqu | 30/07/2024, 22:24:20 tarixində [Phalcon Sistemi] - Loqun məzmunu: Endpoint: /login - Metod: POST - İstifadəçi: Bilinmir - IP: ::1
info Loqu | 30/07/2024, 22:24:20 tarixində [Phalcon Sistemi] - Loqun məzmunu: Endpoint: /dashboard - Metod: GET - İstifadəçi: xritdxadmin@gov.az - IP: ::1
info Loqu | 30/07/2024, 22:24:21 tarixində [Phalcon Sistemi] - Loqun məzmunu: Endpoint: /dashboard?format=json - Metod: GET - İstifadəçi: xritdxadmin@gov.az - IP: ::1
info Loqu | 30/07/2024, 22:24:21 tarixində [Phalcon Sistemi] - Loqun məzmunu: Endpoint: /dashboard?format=json - Metod: GET - İstifadəçi: xritdxadmin@gov.az - IP: ::1
info Loqu | 30/07/2024, 22:24:37 tarixində [Phalcon Sistemi] - Loqun məzmunu: Endpoint: /inbox - Metod: GET - İstifadəçi: xritdxadmin@gov.az - IP: ::1
info Loqu | 30/07/2024, 22:24:37 tarixində [Phalcon Sistemi] - Loqun məzmunu: Endpoint: /dashboard?format=json - Metod: GET - İstifadəçi: xritdxadmin@gov.az - IP: ::1
info Loqu | 30/07/2024, 22:24:37 tarixində [Phalcon Sistemi] - Loqun məzmunu: Endpoint: /dashboard?format=json - Metod: GET - İstifadəçi: xritdxadmin@gov.az - IP: ::1
info Loqu | 30/07/2024, 22:24:40 tarixində [Phalcon Sistemi] - Loqun məzmunu: Endpoint: /sent - Metod: GET - İstifadəçi: xritdxadmin@gov.az - IP: ::1
info Loqu | 30/07/2024, 22:24:41 tarixində [Phalcon Sistemi] - Loqun məzmunu: Endpoint: /dashboard?format=json - Metod: GET - İstifadəçi: xritdxadmin@gov.az - IP: ::1
info Loqu | 30/07/2024, 22:24:41 tarixində [Phalcon Sistemi] - Loqun məzmunu: Endpoint: /dashboard?format=json - Metod: GET - İstifadəçi: xritdxadmin@gov.az - IP: ::1
info Loqu | 30/07/2024, 22:24:50 tarixində [Phalcon Sistemi] - Loqun məzmunu: Endpoint: /received-tickets - Metod: GET - İstifadəçi: xritdxadmin@gov.az - IP: ::1
info Loqu | 30/07/2024, 22:24:51 tarixində [Phalcon Sistemi] - Loqun məzmunu: Endpoint: /dashboard?format=json - Metod: GET - İstifadəçi: xritdxadmin@gov.az - IP: ::1
info Loqu | 30/07/2024, 22:24:51 tarixində [Phalcon Sistemi] - Loqun məzmunu: Endpoint: /dashboard?format=json - Metod: GET - İstifadəçi: xritdxadmin@gov.az - IP: ::1
info Loqu | 30/07/2024, 22:24:53 tarixində [Phalcon Sistemi] - Loqun məzmunu: Endpoint: /received-tickets/read-ticket/66a39e36329a349b1eb684a2 - Metod: GET - İstifadəçi: xritdxadmin@gov.az - IP: ::1
info Loqu | 30/07/2024, 22:24:53 tarixində [Phalcon Sistemi] - Loqun məzmunu: Endpoint: /received-tickets/read-ticket/assets/images/avatar/1.png - Metod: GET - İstifadəçi: xritdxadmin@gov.az - IP: ::1
info Loqu | 30/07/2024, 22:24:56 tarixində [Phalcon Sistemi] - Loqun məzmunu: Endpoint: /dashboard - Metod: GET - İstifadəçi: xritdxadmin@gov.az - IP: ::1
info Loqu | 30/07/2024, 22:24:56 tarixində [Phalcon Sistemi] - Loqun məzmunu: Endpoint: /dashboard?format=json - Metod: GET - İstifadəçi: xritdxadmin@gov.az - IP: ::1
info Loqu | 30/07/2024, 22:24:56 tarixində [Phalcon Sistemi] - Loqun məzmunu: Endpoint: /dashboard?format=json - Metod: GET - İstifadəçi: xritdxadmin@gov.az - IP: ::1
info Loqu | 30/07/2024, 22:24:59 tarixində [Phalcon Sistemi] - Loqun məzmunu: Endpoint: /sent - Metod: GET - İstifadəçi: xritdxadmin@gov.az - IP: ::1
info Loqu | 30/07/2024, 22:24:59 tarixində [Phalcon Sistemi] - Loqun məzmunu: Endpoint: /dashboard?format=json - Metod: GET - İstifadəçi: xritdxadmin@gov.az - IP: ::1
info Loqu | 30/07/2024, 22:24:59 tarixində [Phalcon Sistemi] - Loqun məzmunu: Endpoint: /dashboard?format=json - Metod: GET - İstifadəçi: xritdxadmin@gov.az - IP: ::1
info Loqu | 30/07/2024, 22:25:00 tarixində [Phalcon Sistemi] - Loqun məzmunu: Endpoint: /notes - Metod: GET - İstifadəçi: xritdxadmin@gov.az - IP: ::1
info Loqu | 30/07/2024, 22:25:00 tarixində [Phalcon Sistemi] - Loqun məzmunu: Endpoint: /dashboard?format=json - Metod: GET - İstifadəçi: xritdxadmin@gov.az - IP: ::1
info Loqu | 30/07/2024, 22:25:00 tarixində [Phalcon Sistemi] - Loqun məzmunu: Endpoint: /dashboard?format=json - Metod: GET - İstifadəçi: xritdxadmin@gov.az - IP: ::1
info Loqu | 30/07/2024, 22:25:03 tarixində [Phalcon Sistemi] - Loqun məzmunu: Endpoint: /all-users - Metod: GET - İstifadəçi: xritdxadmin@gov.az - IP: ::1
info Loqu | 30/07/2024, 22:25:04 tarixində [Phalcon Sistemi] - Loqun məzmunu: Endpoint: /dashboard?format=json - Metod: GET - İstifadəçi: xritdxadmin@gov.az - IP: ::1
info Loqu | 30/07/2024, 22:25:04 tarixində [Phalcon Sistemi] - Loqun məzmunu: Endpoint: /dashboard?format=json - Metod: GET - İstifadəçi: xritdxadmin@gov.az - IP: ::1
info Loqu | 30/07/2024, 22:25:05 tarixində [Phalcon Sistemi] - Loqun məzmunu: Endpoint: /all-users/6698f81870b635c656e04273 - Metod: GET - İstifadəçi: xritdxadmin@gov.az - IP: ::1
