info Loqu | 2024-07-22T06:38:58.965Z tarixində [Phalcon Sistemi] - Loqun məzmunu: Endpoint: / - Metod: GET - İstifadəçi: Bilinmir - IP: ::1
info Loqu | 2024-07-22T06:39:07.741Z tarixində [Phalcon Sistemi] - Loqun məzmunu: Endpoint: /login - Metod: POST - İstifadəçi: Bilinmir - IP: ::1
info Loqu | 2024-07-22T06:39:07.830Z tarixində [Phalcon Sistemi] - Loqun məzmunu: Endpoint: /dashboard - Metod: GET - İstifadəçi: superadmin@gov.az - IP: ::1
info Loqu | 2024-07-22T06:39:52.255Z tarixində [Phalcon Sistemi] - Loqun məzmunu: Endpoint: /dashboard - Metod: GET - İstifadəçi: Bilinmir - IP: ::1
info Loqu | 2024-07-22T06:39:52.991Z tarixində [Phalcon Sistemi] - Loqun məzmunu: Endpoint: /dashboard - Metod: GET - İstifadəçi: Bilinmir - IP: ::1
info Loqu | 2024-07-22T06:39:53.277Z tarixində [Phalcon Sistemi] - Loqun məzmunu: Endpoint: /dashboard - Metod: GET - İstifadəçi: Bilinmir - IP: ::1
info Loqu | 2024-07-22T06:39:53.475Z tarixində [Phalcon Sistemi] - Loqun məzmunu: Endpoint: /dashboard - Metod: GET - İstifadəçi: Bilinmir - IP: ::1
info Loqu | 2024-07-22T06:39:54.490Z tarixində [Phalcon Sistemi] - Loqun məzmunu: Endpoint: /dashboard - Metod: GET - İstifadəçi: Bilinmir - IP: ::1
warn Loqu | 2024-07-22T06:39:55.793Z tarixində [Phalcon Sistemi] - Loqun məzmunu: IP adresi ::1 olan istifadəçi /dashboard endpointinə GET metodu ilə icazəsiz giriş etməyə çalışdı
info Loqu | 2024-07-22T06:39:55.800Z tarixində [Phalcon Sistemi] - Loqun məzmunu: Endpoint: / - Metod: GET - İstifadəçi: Bilinmir - IP: ::1
warn Loqu | 2024-07-22T06:40:00.846Z tarixində [Phalcon Sistemi] - Loqun məzmunu: IP adresi ::1 olan istifadəçi /sdfsgt endpointinə GET metodu ilə icazəsiz giriş etməyə çalışdı
info Loqu | 2024-07-22T06:40:00.852Z tarixində [Phalcon Sistemi] - Loqun məzmunu: Endpoint: / - Metod: GET - İstifadəçi: Bilinmir - IP: ::1
info Loqu | 2024-07-22T06:40:10.058Z tarixində [Phalcon Sistemi] - Loqun məzmunu: Endpoint: /login - Metod: POST - İstifadəçi: Bilinmir - IP: ::1
info Loqu | 2024-07-22T06:40:10.158Z tarixində [Phalcon Sistemi] - Loqun məzmunu: Endpoint: /dashboard - Metod: GET - İstifadəçi: superadmin@gov.az - IP: ::1
info Loqu | 2024-07-22T06:42:02.833Z tarixində [Phalcon Sistemi] - Loqun məzmunu: Endpoint: /sent - Metod: GET - İstifadəçi: Bilinmir - IP: ::1
info Loqu | 2024-07-22T06:42:02.913Z tarixində [Phalcon Sistemi] - Loqun məzmunu: Endpoint: /favicon.ico - Metod: GET - İstifadəçi: Bilinmir - IP: ::1
info Loqu | 2024-07-22T06:42:07.638Z tarixində [Phalcon Sistemi] - Loqun məzmunu: Endpoint: /sent - Metod: GET - İstifadəçi: Bilinmir - IP: ::1
info Loqu | 2024-07-22T06:42:07.668Z tarixində [Phalcon Sistemi] - Loqun məzmunu: Endpoint: /favicon.ico - Metod: GET - İstifadəçi: Bilinmir - IP: ::1
info Loqu | 2024-07-22T06:42:11.113Z tarixində [Phalcon Sistemi] - Loqun məzmunu: Endpoint: /se - Metod: GET - İstifadəçi: Bilinmir - IP: ::1
info Loqu | 2024-07-22T06:42:19.791Z tarixində [Phalcon Sistemi] - Loqun məzmunu: Endpoint: / - Metod: GET - İstifadəçi: Bilinmir - IP: ::1
info Loqu | 2024-07-22T06:42:25.628Z tarixində [Phalcon Sistemi] - Loqun məzmunu: Endpoint: /login - Metod: POST - İstifadəçi: Bilinmir - IP: ::1
info Loqu | 2024-07-22T06:42:25.715Z tarixində [Phalcon Sistemi] - Loqun məzmunu: Endpoint: /dashboard - Metod: GET - İstifadəçi: superadmin@gov.az - IP: ::1
info Loqu | 2024-07-22T06:42:28.883Z tarixində [Phalcon Sistemi] - Loqun məzmunu: Endpoint: /sent - Metod: GET - İstifadəçi: superadmin@gov.az - IP: ::1
info Loqu | 2024-07-22T06:42:35.666Z tarixində [Phalcon Sistemi] - Loqun məzmunu: Endpoint: /inbox - Metod: GET - İstifadəçi: superadmin@gov.az - IP: ::1
info Loqu | 2024-07-22T06:42:36.886Z tarixində [Phalcon Sistemi] - Loqun məzmunu: Endpoint: /sent - Metod: GET - İstifadəçi: superadmin@gov.az - IP: ::1
info Loqu | 2024-07-22T06:43:00.014Z tarixində [Phalcon Sistemi] - Loqun məzmunu: Endpoint: /sent - Metod: GET - İstifadəçi: superadmin@gov.az - IP: ::1
info Loqu | 2024-07-22T06:43:01.287Z tarixində [Phalcon Sistemi] - Loqun məzmunu: Endpoint: /sent - Metod: GET - İstifadəçi: superadmin@gov.az - IP: ::1
info Loqu | 2024-07-22T06:43:24.304Z tarixində [Phalcon Sistemi] - Loqun məzmunu: Endpoint: /sent - Metod: GET - İstifadəçi: superadmin@gov.az - IP: ::1
info Loqu | 2024-07-22T06:43:26.138Z tarixində [Phalcon Sistemi] - Loqun məzmunu: Endpoint: /sent - Metod: GET - İstifadəçi: superadmin@gov.az - IP: ::1
info Loqu | 2024-07-22T06:43:54.519Z tarixində [Phalcon Sistemi] - Loqun məzmunu: Endpoint: /sent - Metod: GET - İstifadəçi: superadmin@gov.az - IP: ::1
info Loqu | 2024-07-22T06:44:35.334Z tarixində [Phalcon Sistemi] - Loqun məzmunu: Endpoint: /sent - Metod: GET - İstifadəçi: Bilinmir - IP: ::1
info Loqu | 2024-07-22T06:44:35.413Z tarixində [Phalcon Sistemi] - Loqun məzmunu: Endpoint: /favicon.ico - Metod: GET - İstifadəçi: Bilinmir - IP: ::1
info Loqu | 2024-07-22T06:44:35.937Z tarixində [Phalcon Sistemi] - Loqun məzmunu: Endpoint: /sent - Metod: GET - İstifadəçi: Bilinmir - IP: ::1
info Loqu | 2024-07-22T06:44:35.950Z tarixində [Phalcon Sistemi] - Loqun məzmunu: Endpoint: /favicon.ico - Metod: GET - İstifadəçi: Bilinmir - IP: ::1
info Loqu | 2024-07-22T06:44:37.787Z tarixində [Phalcon Sistemi] - Loqun məzmunu: Endpoint: /se - Metod: GET - İstifadəçi: Bilinmir - IP: ::1
info Loqu | 2024-07-22T06:44:40.964Z tarixində [Phalcon Sistemi] - Loqun məzmunu: Endpoint: / - Metod: GET - İstifadəçi: Bilinmir - IP: ::1
info Loqu | 2024-07-22T06:44:44.856Z tarixində [Phalcon Sistemi] - Loqun məzmunu: Endpoint: /login - Metod: POST - İstifadəçi: Bilinmir - IP: ::1
info Loqu | 2024-07-22T06:44:44.947Z tarixində [Phalcon Sistemi] - Loqun məzmunu: Endpoint: /dashboard - Metod: GET - İstifadəçi: superadmin@gov.az - IP: ::1
info Loqu | 2024-07-22T06:44:47.130Z tarixində [Phalcon Sistemi] - Loqun məzmunu: Endpoint: /sent - Metod: GET - İstifadəçi: superadmin@gov.az - IP: ::1
info Loqu | 2024-07-22T06:46:04.971Z tarixində [Phalcon Sistemi] - Loqun məzmunu: Endpoint: /sent - Metod: GET - İstifadəçi: superadmin@gov.az - IP: ::1
info Loqu | 2024-07-22T06:46:07.496Z tarixində [Phalcon Sistemi] - Loqun məzmunu: Endpoint: /sent - Metod: GET - İstifadəçi: Bilinmir - IP: ::1
info Loqu | 2024-07-22T06:46:07.535Z tarixində [Phalcon Sistemi] - Loqun məzmunu: Endpoint: /favicon.ico - Metod: GET - İstifadəçi: Bilinmir - IP: ::1
info Loqu | 2024-07-22T06:46:08.441Z tarixində [Phalcon Sistemi] - Loqun məzmunu: Endpoint: /sent - Metod: GET - İstifadəçi: Bilinmir - IP: ::1
info Loqu | 2024-07-22T06:46:08.465Z tarixində [Phalcon Sistemi] - Loqun məzmunu: Endpoint: /favicon.ico - Metod: GET - İstifadəçi: Bilinmir - IP: ::1
info Loqu | 2024-07-22T06:46:10.358Z tarixində [Phalcon Sistemi] - Loqun məzmunu: Endpoint: / - Metod: GET - İstifadəçi: Bilinmir - IP: ::1
info Loqu | 2024-07-22T06:46:15.104Z tarixində [Phalcon Sistemi] - Loqun məzmunu: Endpoint: /login - Metod: POST - İstifadəçi: Bilinmir - IP: ::1
info Loqu | 2024-07-22T06:46:15.194Z tarixində [Phalcon Sistemi] - Loqun məzmunu: Endpoint: /dashboard - Metod: GET - İstifadəçi: superadmin@gov.az - IP: ::1
info Loqu | 2024-07-22T06:46:16.786Z tarixində [Phalcon Sistemi] - Loqun məzmunu: Endpoint: /sent - Metod: GET - İstifadəçi: superadmin@gov.az - IP: ::1
info Loqu | 2024-07-22T06:46:50.282Z tarixində [Phalcon Sistemi] - Loqun məzmunu: Endpoint: /sent - Metod: GET - İstifadəçi: superadmin@gov.az - IP: ::1
info Loqu | 2024-07-22T06:46:51.642Z tarixində [Phalcon Sistemi] - Loqun məzmunu: Endpoint: /sent - Metod: GET - İstifadəçi: superadmin@gov.az - IP: ::1
info Loqu | 2024-07-22T06:46:53.324Z tarixində [Phalcon Sistemi] - Loqun məzmunu: Endpoint: /new-received - Metod: GET - İstifadəçi: superadmin@gov.az - IP: ::1
info Loqu | 2024-07-22T06:46:54.945Z tarixində [Phalcon Sistemi] - Loqun məzmunu: Endpoint: /sent - Metod: GET - İstifadəçi: superadmin@gov.az - IP: ::1
info Loqu | 2024-07-22T06:46:56.181Z tarixində [Phalcon Sistemi] - Loqun məzmunu: Endpoint: /inbox - Metod: GET - İstifadəçi: superadmin@gov.az - IP: ::1
info Loqu | 2024-07-22T06:46:57.300Z tarixində [Phalcon Sistemi] - Loqun məzmunu: Endpoint: /sent - Metod: GET - İstifadəçi: superadmin@gov.az - IP: ::1
info Loqu | 2024-07-22T06:47:10.862Z tarixində [Phalcon Sistemi] - Loqun məzmunu: Endpoint: /sent - Metod: GET - İstifadəçi: superadmin@gov.az - IP: ::1
info Loqu | 2024-07-22T06:47:11.814Z tarixində [Phalcon Sistemi] - Loqun məzmunu: Endpoint: /sent - Metod: GET - İstifadəçi: superadmin@gov.az - IP: ::1
info Loqu | 2024-07-22T06:47:29.630Z tarixində [Phalcon Sistemi] - Loqun məzmunu: Endpoint: /sent - Metod: GET - İstifadəçi: superadmin@gov.az - IP: ::1
info Loqu | 2024-07-22T06:47:49.491Z tarixində [Phalcon Sistemi] - Loqun məzmunu: Endpoint: /sent - Metod: GET - İstifadəçi: Bilinmir - IP: ::1
info Loqu | 2024-07-22T06:47:49.560Z tarixində [Phalcon Sistemi] - Loqun məzmunu: Endpoint: /favicon.ico - Metod: GET - İstifadəçi: Bilinmir - IP: ::1
info Loqu | 2024-07-22T06:47:49.992Z tarixində [Phalcon Sistemi] - Loqun məzmunu: Endpoint: /sent - Metod: GET - İstifadəçi: Bilinmir - IP: ::1
info Loqu | 2024-07-22T06:47:50.011Z tarixində [Phalcon Sistemi] - Loqun məzmunu: Endpoint: /favicon.ico - Metod: GET - İstifadəçi: Bilinmir - IP: ::1
info Loqu | 2024-07-22T06:47:53.054Z tarixində [Phalcon Sistemi] - Loqun məzmunu: Endpoint: / - Metod: GET - İstifadəçi: Bilinmir - IP: ::1
info Loqu | 2024-07-22T06:47:57.222Z tarixində [Phalcon Sistemi] - Loqun məzmunu: Endpoint: /login - Metod: POST - İstifadəçi: Bilinmir - IP: ::1
info Loqu | 2024-07-22T06:47:57.307Z tarixində [Phalcon Sistemi] - Loqun məzmunu: Endpoint: /dashboard - Metod: GET - İstifadəçi: superadmin@gov.az - IP: ::1
info Loqu | 2024-07-22T06:47:58.744Z tarixində [Phalcon Sistemi] - Loqun məzmunu: Endpoint: /sent - Metod: GET - İstifadəçi: superadmin@gov.az - IP: ::1
info Loqu | 2024-07-22T06:48:46.227Z tarixində [Phalcon Sistemi] - Loqun məzmunu: Endpoint: /sent - Metod: GET - İstifadəçi: superadmin@gov.az - IP: ::1
info Loqu | 2024-07-22T06:48:47.288Z tarixində [Phalcon Sistemi] - Loqun məzmunu: Endpoint: /sent - Metod: GET - İstifadəçi: superadmin@gov.az - IP: ::1
info Loqu | 2024-07-22T06:49:41.759Z tarixində [Phalcon Sistemi] - Loqun məzmunu: Endpoint: /sent - Metod: GET - İstifadəçi: superadmin@gov.az - IP: ::1
info Loqu | 2024-07-22T06:49:54.694Z tarixində [Phalcon Sistemi] - Loqun məzmunu: Endpoint: /sent - Metod: GET - İstifadəçi: Bilinmir - IP: ::1
info Loqu | 2024-07-22T06:49:54.751Z tarixində [Phalcon Sistemi] - Loqun məzmunu: Endpoint: /favicon.ico - Metod: GET - İstifadəçi: Bilinmir - IP: ::1
info Loqu | 2024-07-22T06:49:55.326Z tarixində [Phalcon Sistemi] - Loqun məzmunu: Endpoint: /sent - Metod: GET - İstifadəçi: Bilinmir - IP: ::1
info Loqu | 2024-07-22T06:49:55.342Z tarixində [Phalcon Sistemi] - Loqun məzmunu: Endpoint: /favicon.ico - Metod: GET - İstifadəçi: Bilinmir - IP: ::1
info Loqu | 2024-07-22T06:49:58.053Z tarixində [Phalcon Sistemi] - Loqun məzmunu: Endpoint: / - Metod: GET - İstifadəçi: Bilinmir - IP: ::1
info Loqu | 2024-07-22T06:50:02.144Z tarixində [Phalcon Sistemi] - Loqun məzmunu: Endpoint: /login - Metod: POST - İstifadəçi: Bilinmir - IP: ::1
info Loqu | 2024-07-22T06:50:02.232Z tarixində [Phalcon Sistemi] - Loqun məzmunu: Endpoint: /dashboard - Metod: GET - İstifadəçi: superadmin@gov.az - IP: ::1
info Loqu | 2024-07-22T06:50:04.353Z tarixində [Phalcon Sistemi] - Loqun məzmunu: Endpoint: /sent - Metod: GET - İstifadəçi: superadmin@gov.az - IP: ::1
info Loqu | 2024-07-22T06:51:58.924Z tarixində [Phalcon Sistemi] - Loqun məzmunu: Endpoint: /sent - Metod: GET - İstifadəçi: Bilinmir - IP: ::1
info Loqu | 2024-07-22T06:51:58.974Z tarixində [Phalcon Sistemi] - Loqun məzmunu: Endpoint: /favicon.ico - Metod: GET - İstifadəçi: Bilinmir - IP: ::1
info Loqu | 2024-07-22T06:52:01.388Z tarixində [Phalcon Sistemi] - Loqun məzmunu: Endpoint: / - Metod: GET - İstifadəçi: Bilinmir - IP: ::1
info Loqu | 2024-07-22T06:52:07.409Z tarixində [Phalcon Sistemi] - Loqun məzmunu: Endpoint: /login - Metod: POST - İstifadəçi: Bilinmir - IP: ::1
info Loqu | 2024-07-22T06:52:07.497Z tarixində [Phalcon Sistemi] - Loqun məzmunu: Endpoint: /dashboard - Metod: GET - İstifadəçi: superadmin@gov.az - IP: ::1
info Loqu | 2024-07-22T06:52:09.552Z tarixində [Phalcon Sistemi] - Loqun məzmunu: Endpoint: /sent - Metod: GET - İstifadəçi: superadmin@gov.az - IP: ::1
info Loqu | 2024-07-22T06:52:18.826Z tarixində [Phalcon Sistemi] - Loqun məzmunu: Endpoint: /sent - Metod: GET - İstifadəçi: superadmin@gov.az - IP: ::1
info Loqu | 2024-07-22T06:52:20.123Z tarixində [Phalcon Sistemi] - Loqun məzmunu: Endpoint: /sent - Metod: GET - İstifadəçi: superadmin@gov.az - IP: ::1
info Loqu | 2024-07-22T06:54:20.549Z tarixində [Phalcon Sistemi] - Loqun məzmunu: Endpoint: /sent - Metod: GET - İstifadəçi: Bilinmir - IP: ::1
info Loqu | 2024-07-22T06:54:20.588Z tarixində [Phalcon Sistemi] - Loqun məzmunu: Endpoint: /favicon.ico - Metod: GET - İstifadəçi: Bilinmir - IP: ::1
info Loqu | 2024-07-22T06:54:21.639Z tarixində [Phalcon Sistemi] - Loqun məzmunu: Endpoint: /sent - Metod: GET - İstifadəçi: Bilinmir - IP: ::1
info Loqu | 2024-07-22T06:54:21.671Z tarixində [Phalcon Sistemi] - Loqun məzmunu: Endpoint: /favicon.ico - Metod: GET - İstifadəçi: Bilinmir - IP: ::1
info Loqu | 2024-07-22T06:54:22.121Z tarixində [Phalcon Sistemi] - Loqun məzmunu: Endpoint: /sent - Metod: GET - İstifadəçi: Bilinmir - IP: ::1
info Loqu | 2024-07-22T06:54:22.134Z tarixində [Phalcon Sistemi] - Loqun məzmunu: Endpoint: /favicon.ico - Metod: GET - İstifadəçi: Bilinmir - IP: ::1
info Loqu | 2024-07-22T06:54:22.343Z tarixində [Phalcon Sistemi] - Loqun məzmunu: Endpoint: /sent - Metod: GET - İstifadəçi: Bilinmir - IP: ::1
info Loqu | 2024-07-22T06:54:22.357Z tarixində [Phalcon Sistemi] - Loqun məzmunu: Endpoint: /favicon.ico - Metod: GET - İstifadəçi: Bilinmir - IP: ::1
info Loqu | 2024-07-22T06:54:22.558Z tarixində [Phalcon Sistemi] - Loqun məzmunu: Endpoint: /sent - Metod: GET - İstifadəçi: Bilinmir - IP: ::1
info Loqu | 2024-07-22T06:54:22.584Z tarixində [Phalcon Sistemi] - Loqun məzmunu: Endpoint: /favicon.ico - Metod: GET - İstifadəçi: Bilinmir - IP: ::1
info Loqu | 2024-07-22T06:54:28.402Z tarixində [Phalcon Sistemi] - Loqun məzmunu: Endpoint: / - Metod: GET - İstifadəçi: Bilinmir - IP: ::1
info Loqu | 2024-07-22T06:54:32.429Z tarixində [Phalcon Sistemi] - Loqun məzmunu: Endpoint: /login - Metod: POST - İstifadəçi: Bilinmir - IP: ::1
info Loqu | 2024-07-22T06:54:32.508Z tarixində [Phalcon Sistemi] - Loqun məzmunu: Endpoint: /dashboard - Metod: GET - İstifadəçi: superadmin@gov.az - IP: ::1
info Loqu | 2024-07-22T06:54:34.300Z tarixində [Phalcon Sistemi] - Loqun məzmunu: Endpoint: /sent - Metod: GET - İstifadəçi: superadmin@gov.az - IP: ::1
info Loqu | 2024-07-22T06:54:34.338Z tarixində [Phalcon Sistemi] - Loqun məzmunu: Endpoint: /favicon.ico - Metod: GET - İstifadəçi: superadmin@gov.az - IP: ::1
info Loqu | 2024-07-22T06:55:07.174Z tarixində [Phalcon Sistemi] - Loqun məzmunu: Endpoint: /sent - Metod: GET - İstifadəçi: superadmin@gov.az - IP: ::1
info Loqu | 2024-07-22T06:55:07.233Z tarixində [Phalcon Sistemi] - Loqun məzmunu: Endpoint: /favicon.ico - Metod: GET - İstifadəçi: superadmin@gov.az - IP: ::1
info Loqu | 2024-07-22T06:55:08.715Z tarixində [Phalcon Sistemi] - Loqun məzmunu: Endpoint: /sent - Metod: GET - İstifadəçi: Bilinmir - IP: ::1
info Loqu | 2024-07-22T06:55:08.768Z tarixində [Phalcon Sistemi] - Loqun məzmunu: Endpoint: /favicon.ico - Metod: GET - İstifadəçi: Bilinmir - IP: ::1
info Loqu | 2024-07-22T06:55:10.679Z tarixində [Phalcon Sistemi] - Loqun məzmunu: Endpoint: /se - Metod: GET - İstifadəçi: Bilinmir - IP: ::1
info Loqu | 2024-07-22T06:55:13.149Z tarixində [Phalcon Sistemi] - Loqun məzmunu: Endpoint: / - Metod: GET - İstifadəçi: Bilinmir - IP: ::1
info Loqu | 2024-07-22T06:55:17.159Z tarixində [Phalcon Sistemi] - Loqun məzmunu: Endpoint: /login - Metod: POST - İstifadəçi: Bilinmir - IP: ::1
info Loqu | 2024-07-22T06:55:17.246Z tarixində [Phalcon Sistemi] - Loqun məzmunu: Endpoint: /dashboard - Metod: GET - İstifadəçi: superadmin@gov.az - IP: ::1
info Loqu | 2024-07-22T06:55:18.541Z tarixində [Phalcon Sistemi] - Loqun məzmunu: Endpoint: /sent - Metod: GET - İstifadəçi: superadmin@gov.az - IP: ::1
info Loqu | 2024-07-22T06:55:31.910Z tarixində [Phalcon Sistemi] - Loqun məzmunu: Endpoint: /sent - Metod: GET - İstifadəçi: superadmin@gov.az - IP: ::1
info Loqu | 2024-07-22T06:55:33.263Z tarixində [Phalcon Sistemi] - Loqun məzmunu: Endpoint: /sent - Metod: GET - İstifadəçi: superadmin@gov.az - IP: ::1
info Loqu | 2024-07-22T06:56:32.132Z tarixində [Phalcon Sistemi] - Loqun məzmunu: Endpoint: /sent - Metod: GET - İstifadəçi: superadmin@gov.az - IP: ::1
info Loqu | 2024-07-22T06:56:45.563Z tarixində [Phalcon Sistemi] - Loqun məzmunu: Endpoint: /sent - Metod: GET - İstifadəçi: superadmin@gov.az - IP: ::1
info Loqu | 2024-07-22T07:00:47.360Z tarixində [Phalcon Sistemi] - Loqun məzmunu: Endpoint: /sent - Metod: GET - İstifadəçi: superadmin@gov.az - IP: ::1
info Loqu | 2024-07-22T07:00:49.987Z tarixində [Phalcon Sistemi] - Loqun məzmunu: Endpoint: /sent - Metod: GET - İstifadəçi: superadmin@gov.az - IP: ::1
info Loqu | 2024-07-22T07:01:02.590Z tarixində [Phalcon Sistemi] - Loqun məzmunu: Endpoint: /sent - Metod: GET - İstifadəçi: superadmin@gov.az - IP: ::1
info Loqu | 2024-07-22T07:05:57.712Z tarixində [Phalcon Sistemi] - Loqun məzmunu: Endpoint: /sent - Metod: GET - İstifadəçi: superadmin@gov.az - IP: ::1
info Loqu | 2024-07-22T07:06:21.697Z tarixində [Phalcon Sistemi] - Loqun məzmunu: Endpoint: /sent - Metod: GET - İstifadəçi: Bilinmir - IP: ::1
info Loqu | 2024-07-22T07:06:21.743Z tarixində [Phalcon Sistemi] - Loqun məzmunu: Endpoint: /favicon.ico - Metod: GET - İstifadəçi: Bilinmir - IP: ::1
info Loqu | 2024-07-22T07:06:24.824Z tarixində [Phalcon Sistemi] - Loqun məzmunu: Endpoint: / - Metod: GET - İstifadəçi: Bilinmir - IP: ::1
info Loqu | 2024-07-22T07:06:29.582Z tarixində [Phalcon Sistemi] - Loqun məzmunu: Endpoint: /login - Metod: POST - İstifadəçi: Bilinmir - IP: ::1
info Loqu | 2024-07-22T07:06:29.670Z tarixində [Phalcon Sistemi] - Loqun məzmunu: Endpoint: /dashboard - Metod: GET - İstifadəçi: superadmin@gov.az - IP: ::1
info Loqu | 2024-07-22T07:06:31.364Z tarixində [Phalcon Sistemi] - Loqun məzmunu: Endpoint: /inbox - Metod: GET - İstifadəçi: superadmin@gov.az - IP: ::1
info Loqu | 2024-07-22T07:06:32.511Z tarixində [Phalcon Sistemi] - Loqun məzmunu: Endpoint: /sent - Metod: GET - İstifadəçi: superadmin@gov.az - IP: ::1
info Loqu | 2024-07-22T07:07:22.534Z tarixində [Phalcon Sistemi] - Loqun məzmunu: Endpoint: /sent - Metod: GET - İstifadəçi: superadmin@gov.az - IP: ::1
info Loqu | 2024-07-22T07:07:30.431Z tarixində [Phalcon Sistemi] - Loqun məzmunu: Endpoint: /sent - Metod: GET - İstifadəçi: superadmin@gov.az - IP: ::1
info Loqu | 2024-07-22T07:07:53.271Z tarixində [Phalcon Sistemi] - Loqun məzmunu: Endpoint: /sent - Metod: GET - İstifadəçi: superadmin@gov.az - IP: ::1
info Loqu | 2024-07-22T07:09:30.217Z tarixində [Phalcon Sistemi] - Loqun məzmunu: Endpoint: /sent - Metod: GET - İstifadəçi: superadmin@gov.az - IP: ::1
info Loqu | 2024-07-22T07:09:54.153Z tarixində [Phalcon Sistemi] - Loqun məzmunu: Endpoint: /messages - Metod: POST - İstifadəçi: superadmin@gov.az - IP: ::1
info Loqu | 2024-07-22T07:09:54.698Z tarixində [Phalcon Sistemi] - Loqun məzmunu: Endpoint: /favicon.ico - Metod: GET - İstifadəçi: superadmin@gov.az - IP: ::1
info Loqu | 2024-07-22T07:11:51.625Z tarixində [Phalcon Sistemi] - Loqun məzmunu: Endpoint: /sent - Metod: GET - İstifadəçi: Bilinmir - IP: ::1
info Loqu | 2024-07-22T07:11:51.694Z tarixində [Phalcon Sistemi] - Loqun məzmunu: Endpoint: /favicon.ico - Metod: GET - İstifadəçi: Bilinmir - IP: ::1
info Loqu | 2024-07-22T07:11:53.396Z tarixində [Phalcon Sistemi] - Loqun məzmunu: Endpoint: /sen - Metod: GET - İstifadəçi: Bilinmir - IP: ::1
info Loqu | 2024-07-22T07:11:56.238Z tarixində [Phalcon Sistemi] - Loqun məzmunu: Endpoint: / - Metod: GET - İstifadəçi: Bilinmir - IP: ::1
info Loqu | 2024-07-22T07:12:01.109Z tarixində [Phalcon Sistemi] - Loqun məzmunu: Endpoint: /login - Metod: POST - İstifadəçi: Bilinmir - IP: ::1
info Loqu | 2024-07-22T07:12:01.196Z tarixində [Phalcon Sistemi] - Loqun məzmunu: Endpoint: /dashboard - Metod: GET - İstifadəçi: superadmin@gov.az - IP: ::1
info Loqu | 2024-07-22T07:12:03.168Z tarixində [Phalcon Sistemi] - Loqun məzmunu: Endpoint: /sent - Metod: GET - İstifadəçi: superadmin@gov.az - IP: ::1
info Loqu | 2024-07-22T07:13:21.768Z tarixində [Phalcon Sistemi] - Loqun məzmunu: Endpoint: /sent - Metod: GET - İstifadəçi: superadmin@gov.az - IP: ::1
info Loqu | 2024-07-22T07:13:22.605Z tarixində [Phalcon Sistemi] - Loqun məzmunu: Endpoint: /sent - Metod: GET - İstifadəçi: Bilinmir - IP: ::1
info Loqu | 2024-07-22T07:13:22.639Z tarixində [Phalcon Sistemi] - Loqun məzmunu: Endpoint: /favicon.ico - Metod: GET - İstifadəçi: Bilinmir - IP: ::1
info Loqu | 2024-07-22T07:13:25.023Z tarixində [Phalcon Sistemi] - Loqun məzmunu: Endpoint: / - Metod: GET - İstifadəçi: Bilinmir - IP: ::1
info Loqu | 2024-07-22T07:13:29.123Z tarixində [Phalcon Sistemi] - Loqun məzmunu: Endpoint: /login - Metod: POST - İstifadəçi: Bilinmir - IP: ::1
info Loqu | 2024-07-22T07:13:29.211Z tarixində [Phalcon Sistemi] - Loqun məzmunu: Endpoint: /dashboard - Metod: GET - İstifadəçi: superadmin@gov.az - IP: ::1
info Loqu | 2024-07-22T07:13:30.862Z tarixində [Phalcon Sistemi] - Loqun məzmunu: Endpoint: /sent - Metod: GET - İstifadəçi: superadmin@gov.az - IP: ::1
info Loqu | 2024-07-22T07:14:43.801Z tarixində [Phalcon Sistemi] - Loqun məzmunu: Endpoint: /sent - Metod: GET - İstifadəçi: superadmin@gov.az - IP: ::1
info Loqu | 2024-07-22T07:15:10.167Z tarixində [Phalcon Sistemi] - Loqun məzmunu: Endpoint: /sent - Metod: GET - İstifadəçi: superadmin@gov.az - IP: ::1
info Loqu | 2024-07-22T07:15:16.554Z tarixində [Phalcon Sistemi] - Loqun məzmunu: Endpoint: /sent - Metod: GET - İstifadəçi: superadmin@gov.az - IP: ::1
info Loqu | 2024-07-22T07:15:26.939Z tarixində [Phalcon Sistemi] - Loqun məzmunu: Endpoint: /sent - Metod: GET - İstifadəçi: superadmin@gov.az - IP: ::1
info Loqu | 2024-07-22T07:15:38.489Z tarixində [Phalcon Sistemi] - Loqun məzmunu: Endpoint: /sent - Metod: GET - İstifadəçi: superadmin@gov.az - IP: ::1
info Loqu | 2024-07-22T07:15:47.148Z tarixində [Phalcon Sistemi] - Loqun məzmunu: Endpoint: /sent - Metod: GET - İstifadəçi: superadmin@gov.az - IP: ::1
info Loqu | 2024-07-22T07:16:00.437Z tarixində [Phalcon Sistemi] - Loqun məzmunu: Endpoint: /messages - Metod: POST - İstifadəçi: superadmin@gov.az - IP: ::1
info Loqu | 2024-07-22T07:16:00.899Z tarixində [Phalcon Sistemi] - Loqun məzmunu: Endpoint: /favicon.ico - Metod: GET - İstifadəçi: superadmin@gov.az - IP: ::1
info Loqu | 2024-07-22T07:17:16.181Z tarixində [Phalcon Sistemi] - Loqun məzmunu: Endpoint: /messages - Metod: POST - İstifadəçi: Bilinmir - IP: ::1
info Loqu | 2024-07-22T07:17:16.214Z tarixində [Phalcon Sistemi] - Loqun məzmunu: Endpoint: /favicon.ico - Metod: GET - İstifadəçi: Bilinmir - IP: ::1
info Loqu | 2024-07-22T07:17:18.287Z tarixində [Phalcon Sistemi] - Loqun məzmunu: Endpoint: / - Metod: GET - İstifadəçi: Bilinmir - IP: ::1
info Loqu | 2024-07-22T07:17:23.257Z tarixində [Phalcon Sistemi] - Loqun məzmunu: Endpoint: /login - Metod: POST - İstifadəçi: Bilinmir - IP: ::1
info Loqu | 2024-07-22T07:17:23.353Z tarixində [Phalcon Sistemi] - Loqun məzmunu: Endpoint: /dashboard - Metod: GET - İstifadəçi: superadmin@gov.az - IP: ::1
info Loqu | 2024-07-22T07:17:26.085Z tarixində [Phalcon Sistemi] - Loqun məzmunu: Endpoint: /inbox - Metod: GET - İstifadəçi: superadmin@gov.az - IP: ::1
info Loqu | 2024-07-22T07:17:27.304Z tarixində [Phalcon Sistemi] - Loqun məzmunu: Endpoint: /sent - Metod: GET - İstifadəçi: superadmin@gov.az - IP: ::1
info Loqu | 2024-07-22T07:17:44.016Z tarixində [Phalcon Sistemi] - Loqun məzmunu: Endpoint: /messages - Metod: POST - İstifadəçi: superadmin@gov.az - IP: ::1
info Loqu | 2024-07-22T07:17:44.059Z tarixində [Phalcon Sistemi] - Loqun məzmunu: Endpoint: /favicon.ico - Metod: GET - İstifadəçi: superadmin@gov.az - IP: ::1
info Loqu | 2024-07-22T07:19:26.566Z tarixində [Phalcon Sistemi] - Loqun məzmunu: Endpoint: / - Metod: GET - İstifadəçi: Bilinmir - IP: ::1
info Loqu | 2024-07-22T07:19:30.611Z tarixində [Phalcon Sistemi] - Loqun məzmunu: Endpoint: /login - Metod: POST - İstifadəçi: Bilinmir - IP: ::1
info Loqu | 2024-07-22T07:19:30.699Z tarixində [Phalcon Sistemi] - Loqun məzmunu: Endpoint: /dashboard - Metod: GET - İstifadəçi: superadmin@gov.az - IP: ::1
info Loqu | 2024-07-22T07:19:32.405Z tarixində [Phalcon Sistemi] - Loqun məzmunu: Endpoint: /inbox - Metod: GET - İstifadəçi: superadmin@gov.az - IP: ::1
info Loqu | 2024-07-22T07:19:33.915Z tarixində [Phalcon Sistemi] - Loqun məzmunu: Endpoint: /sent - Metod: GET - İstifadəçi: superadmin@gov.az - IP: ::1
info Loqu | 2024-07-22T07:19:46.935Z tarixində [Phalcon Sistemi] - Loqun məzmunu: Endpoint: /messages - Metod: POST - İstifadəçi: superadmin@gov.az - IP: ::1
info Loqu | 2024-07-22T07:19:47.042Z tarixində [Phalcon Sistemi] - Loqun məzmunu: Endpoint: /favicon.ico - Metod: GET - İstifadəçi: superadmin@gov.az - IP: ::1
info Loqu | 2024-07-22T07:21:22.416Z tarixində [Phalcon Sistemi] - Loqun məzmunu: Endpoint: / - Metod: GET - İstifadəçi: Bilinmir - IP: ::1
info Loqu | 2024-07-22T07:21:27.121Z tarixində [Phalcon Sistemi] - Loqun məzmunu: Endpoint: /login - Metod: POST - İstifadəçi: Bilinmir - IP: ::1
info Loqu | 2024-07-22T07:21:27.203Z tarixində [Phalcon Sistemi] - Loqun məzmunu: Endpoint: /dashboard - Metod: GET - İstifadəçi: superadmin@gov.az - IP: ::1
info Loqu | 2024-07-22T07:21:28.501Z tarixində [Phalcon Sistemi] - Loqun məzmunu: Endpoint: /sent - Metod: GET - İstifadəçi: superadmin@gov.az - IP: ::1
info Loqu | 2024-07-22T07:21:40.010Z tarixində [Phalcon Sistemi] - Loqun məzmunu: Endpoint: /messages - Metod: POST - İstifadəçi: superadmin@gov.az - IP: ::1
info Loqu | 2024-07-22T07:22:27.555Z tarixində [Phalcon Sistemi] - Loqun məzmunu: Endpoint: /sent - Metod: GET - İstifadəçi: Bilinmir - IP: ::1
info Loqu | 2024-07-22T07:22:27.598Z tarixində [Phalcon Sistemi] - Loqun məzmunu: Endpoint: /favicon.ico - Metod: GET - İstifadəçi: Bilinmir - IP: ::1
info Loqu | 2024-07-22T07:22:31.461Z tarixində [Phalcon Sistemi] - Loqun məzmunu: Endpoint: / - Metod: GET - İstifadəçi: Bilinmir - IP: ::1
info Loqu | 2024-07-22T07:22:36.544Z tarixində [Phalcon Sistemi] - Loqun məzmunu: Endpoint: /login - Metod: POST - İstifadəçi: Bilinmir - IP: ::1
info Loqu | 2024-07-22T07:22:36.631Z tarixində [Phalcon Sistemi] - Loqun məzmunu: Endpoint: /dashboard - Metod: GET - İstifadəçi: superadmin@gov.az - IP: ::1
info Loqu | 2024-07-22T07:22:37.927Z tarixində [Phalcon Sistemi] - Loqun məzmunu: Endpoint: /inbox - Metod: GET - İstifadəçi: superadmin@gov.az - IP: ::1
info Loqu | 2024-07-22T07:22:39.176Z tarixində [Phalcon Sistemi] - Loqun məzmunu: Endpoint: /sent - Metod: GET - İstifadəçi: superadmin@gov.az - IP: ::1
info Loqu | 2024-07-22T07:22:40.261Z tarixində [Phalcon Sistemi] - Loqun məzmunu: Endpoint: /new-received - Metod: GET - İstifadəçi: superadmin@gov.az - IP: ::1
info Loqu | 2024-07-22T07:22:42.971Z tarixində [Phalcon Sistemi] - Loqun məzmunu: Endpoint: /sent - Metod: GET - İstifadəçi: superadmin@gov.az - IP: ::1
info Loqu | 2024-07-22T07:22:58.307Z tarixində [Phalcon Sistemi] - Loqun məzmunu: Endpoint: / - Metod: GET - İstifadəçi: superadmin@gov.az - IP: ::1
info Loqu | 2024-07-22T07:23:03.029Z tarixində [Phalcon Sistemi] - Loqun məzmunu: Endpoint: /login - Metod: POST - İstifadəçi: superadmin@gov.az - IP: ::1
info Loqu | 2024-07-22T07:23:03.119Z tarixində [Phalcon Sistemi] - Loqun məzmunu: Endpoint: /dashboard - Metod: GET - İstifadəçi: xin@gov.az - IP: ::1
info Loqu | 2024-07-22T07:23:04.520Z tarixində [Phalcon Sistemi] - Loqun məzmunu: Endpoint: /inbox - Metod: GET - İstifadəçi: xin@gov.az - IP: ::1
info Loqu | 2024-07-22T07:23:09.928Z tarixində [Phalcon Sistemi] - Loqun məzmunu: Endpoint: /sent - Metod: GET - İstifadəçi: xin@gov.az - IP: ::1
info Loqu | 2024-07-22T07:24:15.735Z tarixində [Phalcon Sistemi] - Loqun məzmunu: Endpoint: /sent - Metod: GET - İstifadəçi: Bilinmir - IP: ::1
info Loqu | 2024-07-22T07:24:15.813Z tarixində [Phalcon Sistemi] - Loqun məzmunu: Endpoint: /favicon.ico - Metod: GET - İstifadəçi: Bilinmir - IP: ::1
info Loqu | 2024-07-22T07:24:17.961Z tarixində [Phalcon Sistemi] - Loqun məzmunu: Endpoint: / - Metod: GET - İstifadəçi: Bilinmir - IP: ::1
info Loqu | 2024-07-22T07:24:24.991Z tarixində [Phalcon Sistemi] - Loqun məzmunu: Endpoint: /login - Metod: POST - İstifadəçi: Bilinmir - IP: ::1
info Loqu | 2024-07-22T07:24:25.079Z tarixində [Phalcon Sistemi] - Loqun məzmunu: Endpoint: /dashboard - Metod: GET - İstifadəçi: xin@gov.az - IP: ::1
info Loqu | 2024-07-22T07:24:26.413Z tarixində [Phalcon Sistemi] - Loqun məzmunu: Endpoint: /sent - Metod: GET - İstifadəçi: xin@gov.az - IP: ::1
info Loqu | 2024-07-22T07:24:29.132Z tarixində [Phalcon Sistemi] - Loqun məzmunu: Endpoint: /inbox - Metod: GET - İstifadəçi: xin@gov.az - IP: ::1
info Loqu | 2024-07-22T07:24:45.466Z tarixində [Phalcon Sistemi] - Loqun məzmunu: Endpoint: /sent - Metod: GET - İstifadəçi: xin@gov.az - IP: ::1
info Loqu | 2024-07-22T07:24:47.413Z tarixində [Phalcon Sistemi] - Loqun məzmunu: Endpoint: /dashboard - Metod: GET - İstifadəçi: xin@gov.az - IP: ::1
info Loqu | 2024-07-22T07:29:02.830Z tarixində [Phalcon Sistemi] - Loqun məzmunu: Endpoint: /dashboard - Metod: GET - İstifadəçi: Bilinmir - IP: ::1
info Loqu | 2024-07-22T07:29:03.564Z tarixində [Phalcon Sistemi] - Loqun məzmunu: Endpoint: /dashboard - Metod: GET - İstifadəçi: Bilinmir - IP: ::1
info Loqu | 2024-07-22T07:29:10.437Z tarixində [Phalcon Sistemi] - Loqun məzmunu: Endpoint: / - Metod: GET - İstifadəçi: Bilinmir - IP: ::1
info Loqu | 2024-07-22T07:29:16.737Z tarixində [Phalcon Sistemi] - Loqun məzmunu: Endpoint: /login - Metod: POST - İstifadəçi: Bilinmir - IP: ::1
info Loqu | 2024-07-22T07:29:16.824Z tarixində [Phalcon Sistemi] - Loqun məzmunu: Endpoint: /dashboard - Metod: GET - İstifadəçi: xin@gov.az - IP: ::1
info Loqu | 2024-07-22T07:29:18.015Z tarixində [Phalcon Sistemi] - Loqun məzmunu: Endpoint: /sent - Metod: GET - İstifadəçi: xin@gov.az - IP: ::1
info Loqu | 2024-07-22T07:29:43.400Z tarixində [Phalcon Sistemi] - Loqun məzmunu: Endpoint: /sent - Metod: GET - İstifadəçi: xin@gov.az - IP: ::1
info Loqu | 2024-07-22T07:29:54.029Z tarixində [Phalcon Sistemi] - Loqun məzmunu: Endpoint: /sent - Metod: GET - İstifadəçi: Bilinmir - IP: ::1
info Loqu | 2024-07-22T07:29:54.092Z tarixində [Phalcon Sistemi] - Loqun məzmunu: Endpoint: /favicon.ico - Metod: GET - İstifadəçi: Bilinmir - IP: ::1
info Loqu | 2024-07-22T07:29:54.201Z tarixində [Phalcon Sistemi] - Loqun məzmunu: Endpoint: /sent - Metod: GET - İstifadəçi: Bilinmir - IP: ::1
info Loqu | 2024-07-22T07:29:54.214Z tarixində [Phalcon Sistemi] - Loqun məzmunu: Endpoint: /favicon.ico - Metod: GET - İstifadəçi: Bilinmir - IP: ::1
info Loqu | 2024-07-22T07:29:55.800Z tarixində [Phalcon Sistemi] - Loqun məzmunu: Endpoint: / - Metod: GET - İstifadəçi: Bilinmir - IP: ::1
info Loqu | 2024-07-22T07:30:00.118Z tarixində [Phalcon Sistemi] - Loqun məzmunu: Endpoint: /login - Metod: POST - İstifadəçi: Bilinmir - IP: ::1
info Loqu | 2024-07-22T07:30:00.206Z tarixində [Phalcon Sistemi] - Loqun məzmunu: Endpoint: /dashboard - Metod: GET - İstifadəçi: superadmin@gov.az - IP: ::1
info Loqu | 2024-07-22T07:30:01.740Z tarixində [Phalcon Sistemi] - Loqun məzmunu: Endpoint: /sent - Metod: GET - İstifadəçi: superadmin@gov.az - IP: ::1
info Loqu | 2024-07-22T07:32:14.635Z tarixində [Phalcon Sistemi] - Loqun məzmunu: Endpoint: /sent - Metod: GET - İstifadəçi: Bilinmir - IP: ::1
info Loqu | 2024-07-22T07:32:14.675Z tarixində [Phalcon Sistemi] - Loqun məzmunu: Endpoint: /favicon.ico - Metod: GET - İstifadəçi: Bilinmir - IP: ::1
info Loqu | 2024-07-22T07:32:16.696Z tarixində [Phalcon Sistemi] - Loqun məzmunu: Endpoint: / - Metod: GET - İstifadəçi: Bilinmir - IP: ::1
info Loqu | 2024-07-22T07:32:21.671Z tarixində [Phalcon Sistemi] - Loqun məzmunu: Endpoint: /login - Metod: POST - İstifadəçi: Bilinmir - IP: ::1
info Loqu | 2024-07-22T07:32:21.780Z tarixində [Phalcon Sistemi] - Loqun məzmunu: Endpoint: /dashboard - Metod: GET - İstifadəçi: superadmin@gov.az - IP: ::1
info Loqu | 2024-07-22T07:32:22.950Z tarixində [Phalcon Sistemi] - Loqun məzmunu: Endpoint: /sent - Metod: GET - İstifadəçi: superadmin@gov.az - IP: ::1
info Loqu | 2024-07-22T07:32:59.902Z tarixində [Phalcon Sistemi] - Loqun məzmunu: Endpoint: /sent - Metod: GET - İstifadəçi: Bilinmir - IP: ::1
info Loqu | 2024-07-22T07:32:59.973Z tarixində [Phalcon Sistemi] - Loqun məzmunu: Endpoint: /favicon.ico - Metod: GET - İstifadəçi: Bilinmir - IP: ::1
info Loqu | 2024-07-22T07:33:01.422Z tarixində [Phalcon Sistemi] - Loqun məzmunu: Endpoint: /se - Metod: GET - İstifadəçi: Bilinmir - IP: ::1
info Loqu | 2024-07-22T07:33:02.028Z tarixində [Phalcon Sistemi] - Loqun məzmunu: Endpoint: / - Metod: GET - İstifadəçi: Bilinmir - IP: ::1
info Loqu | 2024-07-22T07:33:06.272Z tarixində [Phalcon Sistemi] - Loqun məzmunu: Endpoint: /login - Metod: POST - İstifadəçi: Bilinmir - IP: ::1
info Loqu | 2024-07-22T07:33:06.359Z tarixində [Phalcon Sistemi] - Loqun məzmunu: Endpoint: /dashboard - Metod: GET - İstifadəçi: superadmin@gov.az - IP: ::1
info Loqu | 2024-07-22T07:33:08.071Z tarixində [Phalcon Sistemi] - Loqun məzmunu: Endpoint: /sent - Metod: GET - İstifadəçi: superadmin@gov.az - IP: ::1
info Loqu | 2024-07-22T07:33:08.097Z tarixində [Phalcon Sistemi] - Loqun məzmunu: Endpoint: /favicon.ico - Metod: GET - İstifadəçi: superadmin@gov.az - IP: ::1
info Loqu | 2024-07-22T07:33:33.631Z tarixində [Phalcon Sistemi] - Loqun məzmunu: Endpoint: /sent - Metod: GET - İstifadəçi: superadmin@gov.az - IP: ::1
info Loqu | 2024-07-22T07:33:33.687Z tarixində [Phalcon Sistemi] - Loqun məzmunu: Endpoint: /favicon.ico - Metod: GET - İstifadəçi: superadmin@gov.az - IP: ::1
info Loqu | 2024-07-22T07:33:35.343Z tarixində [Phalcon Sistemi] - Loqun məzmunu: Endpoint: /sent - Metod: GET - İstifadəçi: Bilinmir - IP: ::1
info Loqu | 2024-07-22T07:33:35.380Z tarixində [Phalcon Sistemi] - Loqun məzmunu: Endpoint: /sent - Metod: GET - İstifadəçi: Bilinmir - IP: ::1
info Loqu | 2024-07-22T07:33:35.416Z tarixində [Phalcon Sistemi] - Loqun məzmunu: Endpoint: /favicon.ico - Metod: GET - İstifadəçi: Bilinmir - IP: ::1
info Loqu | 2024-07-22T07:33:36.751Z tarixində [Phalcon Sistemi] - Loqun məzmunu: Endpoint: / - Metod: GET - İstifadəçi: Bilinmir - IP: ::1
info Loqu | 2024-07-22T07:33:40.889Z tarixində [Phalcon Sistemi] - Loqun məzmunu: Endpoint: /login - Metod: POST - İstifadəçi: Bilinmir - IP: ::1
info Loqu | 2024-07-22T07:33:40.965Z tarixində [Phalcon Sistemi] - Loqun məzmunu: Endpoint: /dashboard - Metod: GET - İstifadəçi: superadmin@gov.az - IP: ::1
info Loqu | 2024-07-22T07:33:42.394Z tarixində [Phalcon Sistemi] - Loqun məzmunu: Endpoint: /sent - Metod: GET - İstifadəçi: superadmin@gov.az - IP: ::1
warn Loqu | 2024-07-22T07:34:36.658Z tarixində [Phalcon Sistemi] - Loqun məzmunu: IP adresi ::1 olan istifadəçi /register endpointinə GET metodu ilə icazəsiz giriş etməyə çalışdı
info Loqu | 2024-07-22T07:34:36.670Z tarixində [Phalcon Sistemi] - Loqun məzmunu: Endpoint: / - Metod: GET - İstifadəçi: Bilinmir - IP: ::1
info Loqu | 2024-07-22T07:35:47.904Z tarixində [Phalcon Sistemi] - Loqun məzmunu: Endpoint: /register - Metod: POST - İstifadəçi: Bilinmir - IP: ::1
info Loqu | 2024-07-22T07:35:57.474Z tarixində [Phalcon Sistemi] - Loqun məzmunu: Endpoint: /sent - Metod: GET - İstifadəçi: superadmin@gov.az - IP: ::1
warn Loqu | 2024-07-22T07:36:17.906Z tarixində [Phalcon Sistemi] - Loqun məzmunu: IP adresi ::1 olan istifadəçi /sent endpointinə GET metodu ilə icazəsiz giriş etməyə çalışdı
info Loqu | 2024-07-22T07:36:17.912Z tarixində [Phalcon Sistemi] - Loqun məzmunu: Endpoint: / - Metod: GET - İstifadəçi: Bilinmir - IP: ::1
info Loqu | 2024-07-22T07:36:27.070Z tarixində [Phalcon Sistemi] - Loqun məzmunu: Endpoint: /login - Metod: POST - İstifadəçi: Bilinmir - IP: ::1
info Loqu | 2024-07-22T07:36:27.159Z tarixində [Phalcon Sistemi] - Loqun məzmunu: Endpoint: /dashboard - Metod: GET - İstifadəçi: superadmin@gov.az - IP: ::1
info Loqu | 2024-07-22T07:36:31.626Z tarixində [Phalcon Sistemi] - Loqun məzmunu: Endpoint: / - Metod: GET - İstifadəçi: superadmin@gov.az - IP: ::1
info Loqu | 2024-07-22T07:36:40.506Z tarixində [Phalcon Sistemi] - Loqun məzmunu: Endpoint: /login - Metod: POST - İstifadəçi: superadmin@gov.az - IP: ::1
info Loqu | 2024-07-22T07:36:40.596Z tarixində [Phalcon Sistemi] - Loqun məzmunu: Endpoint: /dashboard - Metod: GET - İstifadəçi: sefirlik@gov.az - IP: ::1
info Loqu | 2024-07-22T07:36:42.339Z tarixində [Phalcon Sistemi] - Loqun məzmunu: Endpoint: /sent - Metod: GET - İstifadəçi: sefirlik@gov.az - IP: ::1
info Loqu | 2024-07-22T07:38:38.306Z tarixində [Phalcon Sistemi] - Loqun məzmunu: Endpoint: /sent - Metod: GET - İstifadəçi: sefirlik@gov.az - IP: ::1
info Loqu | 2024-07-22T07:40:21.428Z tarixində [Phalcon Sistemi] - Loqun məzmunu: Endpoint: /sent - Metod: GET - İstifadəçi: Bilinmir - IP: ::1
info Loqu | 2024-07-22T07:40:21.486Z tarixində [Phalcon Sistemi] - Loqun məzmunu: Endpoint: /favicon.ico - Metod: GET - İstifadəçi: Bilinmir - IP: ::1
info Loqu | 2024-07-22T07:40:23.177Z tarixində [Phalcon Sistemi] - Loqun məzmunu: Endpoint: / - Metod: GET - İstifadəçi: Bilinmir - IP: ::1
info Loqu | 2024-07-22T07:40:27.846Z tarixində [Phalcon Sistemi] - Loqun məzmunu: Endpoint: /login - Metod: POST - İstifadəçi: Bilinmir - IP: ::1
info Loqu | 2024-07-22T07:40:27.949Z tarixində [Phalcon Sistemi] - Loqun məzmunu: Endpoint: /dashboard - Metod: GET - İstifadəçi: sefirlik@gov.az - IP: ::1
info Loqu | 2024-07-22T07:40:29.822Z tarixində [Phalcon Sistemi] - Loqun məzmunu: Endpoint: /sent - Metod: GET - İstifadəçi: sefirlik@gov.az - IP: ::1
info Loqu | 2024-07-22T07:40:51.570Z tarixində [Phalcon Sistemi] - Loqun məzmunu: Endpoint: /sent - Metod: GET - İstifadəçi: sefirlik@gov.az - IP: ::1
info Loqu | 2024-07-22T07:42:47.748Z tarixində [Phalcon Sistemi] - Loqun məzmunu: Endpoint: /sent - Metod: GET - İstifadəçi: sefirlik@gov.az - IP: ::1
info Loqu | 2024-07-22T07:44:12.136Z tarixində [Phalcon Sistemi] - Loqun məzmunu: Endpoint: /sent - Metod: GET - İstifadəçi: sefirlik@gov.az - IP: ::1
info Loqu | 2024-07-22T07:44:50.055Z tarixində [Phalcon Sistemi] - Loqun məzmunu: Endpoint: /sent - Metod: GET - İstifadəçi: sefirlik@gov.az - IP: ::1
info Loqu | 2024-07-22T07:44:50.735Z tarixində [Phalcon Sistemi] - Loqun məzmunu: Endpoint: /sent - Metod: GET - İstifadəçi: sefirlik@gov.az - IP: ::1
info Loqu | 2024-07-22T07:44:51.087Z tarixində [Phalcon Sistemi] - Loqun məzmunu: Endpoint: /sent - Metod: GET - İstifadəçi: sefirlik@gov.az - IP: ::1
info Loqu | 2024-07-22T07:44:51.249Z tarixində [Phalcon Sistemi] - Loqun məzmunu: Endpoint: /sent - Metod: GET - İstifadəçi: sefirlik@gov.az - IP: ::1
info Loqu | 2024-07-22T07:44:51.453Z tarixində [Phalcon Sistemi] - Loqun məzmunu: Endpoint: /sent - Metod: GET - İstifadəçi: sefirlik@gov.az - IP: ::1
info Loqu | 2024-07-22T07:44:51.633Z tarixində [Phalcon Sistemi] - Loqun məzmunu: Endpoint: /sent - Metod: GET - İstifadəçi: sefirlik@gov.az - IP: ::1
info Loqu | 2024-07-22T07:45:08.727Z tarixində [Phalcon Sistemi] - Loqun məzmunu: Endpoint: /sent - Metod: GET - İstifadəçi: sefirlik@gov.az - IP: ::1
info Loqu | 2024-07-22T07:45:15.503Z tarixində [Phalcon Sistemi] - Loqun məzmunu: Endpoint: / - Metod: GET - İstifadəçi: sefirlik@gov.az - IP: ::1
info Loqu | 2024-07-22T07:45:21.183Z tarixində [Phalcon Sistemi] - Loqun məzmunu: Endpoint: /login - Metod: POST - İstifadəçi: sefirlik@gov.az - IP: ::1
info Loqu | 2024-07-22T07:45:21.274Z tarixində [Phalcon Sistemi] - Loqun məzmunu: Endpoint: /dashboard - Metod: GET - İstifadəçi: superadmin@gov.az - IP: ::1
info Loqu | 2024-07-22T07:45:23.217Z tarixində [Phalcon Sistemi] - Loqun məzmunu: Endpoint: /sent - Metod: GET - İstifadəçi: superadmin@gov.az - IP: ::1
info Loqu | 2024-07-22T07:45:57.116Z tarixində [Phalcon Sistemi] - Loqun məzmunu: Endpoint: /sent - Metod: GET - İstifadəçi: superadmin@gov.az - IP: ::1
warn Loqu | 2024-07-22T12:53:31.730Z tarixində [Phalcon Sistemi] - Loqun məzmunu: IP adresi ::1 olan istifadəçi /sent endpointinə GET metodu ilə daxil olmazdan əvvəl tokeninin vaxtı bitdi
info Loqu | 2024-07-22T12:53:31.750Z tarixində [Phalcon Sistemi] - Loqun məzmunu: Endpoint: / - Metod: GET - İstifadəçi: superadmin@gov.az - IP: ::1
info Loqu | 2024-07-22T12:53:39.695Z tarixində [Phalcon Sistemi] - Loqun məzmunu: Endpoint: /login - Metod: POST - İstifadəçi: superadmin@gov.az - IP: ::1
info Loqu | 2024-07-22T12:53:39.790Z tarixində [Phalcon Sistemi] - Loqun məzmunu: Endpoint: /dashboard - Metod: GET - İstifadəçi: superadmin@gov.az - IP: ::1
info Loqu | 2024-07-22T12:53:41.571Z tarixində [Phalcon Sistemi] - Loqun məzmunu: Endpoint: /sent - Metod: GET - İstifadəçi: superadmin@gov.az - IP: ::1
info Loqu | 2024-07-22T12:54:20.451Z tarixində [Phalcon Sistemi] - Loqun məzmunu: Endpoint: /sent - Metod: GET - İstifadəçi: superadmin@gov.az - IP: ::1
info Loqu | 2024-07-22T12:54:35.177Z tarixində [Phalcon Sistemi] - Loqun məzmunu: Endpoint: /sent - Metod: GET - İstifadəçi: superadmin@gov.az - IP: ::1
info Loqu | 2024-07-22T12:54:50.869Z tarixində [Phalcon Sistemi] - Loqun məzmunu: Endpoint: /sent - Metod: GET - İstifadəçi: superadmin@gov.az - IP: ::1
info Loqu | 2024-07-22T12:55:57.609Z tarixində [Phalcon Sistemi] - Loqun məzmunu: Endpoint: /sent - Metod: GET - İstifadəçi: superadmin@gov.az - IP: ::1
info Loqu | 2024-07-22T12:55:58.241Z tarixində [Phalcon Sistemi] - Loqun məzmunu: Endpoint: /sent - Metod: GET - İstifadəçi: superadmin@gov.az - IP: ::1
info Loqu | 2024-07-22T12:55:58.525Z tarixində [Phalcon Sistemi] - Loqun məzmunu: Endpoint: /sent - Metod: GET - İstifadəçi: superadmin@gov.az - IP: ::1
info Loqu | 2024-07-22T12:55:58.705Z tarixində [Phalcon Sistemi] - Loqun məzmunu: Endpoint: /sent - Metod: GET - İstifadəçi: superadmin@gov.az - IP: ::1
info Loqu | 2024-07-22T12:55:58.884Z tarixində [Phalcon Sistemi] - Loqun məzmunu: Endpoint: /sent - Metod: GET - İstifadəçi: superadmin@gov.az - IP: ::1
info Loqu | 2024-07-22T12:55:59.057Z tarixində [Phalcon Sistemi] - Loqun məzmunu: Endpoint: /sent - Metod: GET - İstifadəçi: superadmin@gov.az - IP: ::1
info Loqu | 2024-07-22T12:57:34.706Z tarixində [Phalcon Sistemi] - Loqun məzmunu: Endpoint: /sent - Metod: GET - İstifadəçi: superadmin@gov.az - IP: ::1
warn Loqu | 2024-07-22T12:57:50.592Z tarixində [Phalcon Sistemi] - Loqun məzmunu: IP adresi ::1 olan istifadəçi /sent endpointinə GET metodu ilə icazəsiz giriş etməyə çalışdı
info Loqu | 2024-07-22T12:57:50.598Z tarixində [Phalcon Sistemi] - Loqun məzmunu: Endpoint: / - Metod: GET - İstifadəçi: Bilinmir - IP: ::1
info Loqu | 2024-07-22T12:57:56.886Z tarixində [Phalcon Sistemi] - Loqun məzmunu: Endpoint: /login - Metod: POST - İstifadəçi: Bilinmir - IP: ::1
info Loqu | 2024-07-22T12:57:56.982Z tarixində [Phalcon Sistemi] - Loqun məzmunu: Endpoint: /dashboard - Metod: GET - İstifadəçi: sefirlik@gov.az - IP: ::1
info Loqu | 2024-07-22T12:57:59.391Z tarixində [Phalcon Sistemi] - Loqun məzmunu: Endpoint: /inbox - Metod: GET - İstifadəçi: sefirlik@gov.az - IP: ::1
info Loqu | 2024-07-22T12:58:02.614Z tarixində [Phalcon Sistemi] - Loqun məzmunu: Endpoint: /sent - Metod: GET - İstifadəçi: sefirlik@gov.az - IP: ::1
info Loqu | 2024-07-22T12:58:18.232Z tarixində [Phalcon Sistemi] - Loqun məzmunu: Endpoint: /sent - Metod: GET - İstifadəçi: sefirlik@gov.az - IP: ::1
info Loqu | 2024-07-22T12:59:59.730Z tarixində [Phalcon Sistemi] - Loqun məzmunu: Endpoint: /sent - Metod: GET - İstifadəçi: Bilinmir - IP: ::1
info Loqu | 2024-07-22T12:59:59.812Z tarixində [Phalcon Sistemi] - Loqun məzmunu: Endpoint: /favicon.ico - Metod: GET - İstifadəçi: Bilinmir - IP: ::1
info Loqu | 2024-07-22T13:00:33.588Z tarixində [Phalcon Sistemi] - Loqun məzmunu: Endpoint: / - Metod: GET - İstifadəçi: Bilinmir - IP: ::1
info Loqu | 2024-07-22T13:00:40.212Z tarixində [Phalcon Sistemi] - Loqun məzmunu: Endpoint: /login - Metod: POST - İstifadəçi: Bilinmir - IP: ::1
info Loqu | 2024-07-22T13:00:40.300Z tarixində [Phalcon Sistemi] - Loqun məzmunu: Endpoint: /dashboard - Metod: GET - İstifadəçi: superadmin@gov.az - IP: ::1
info Loqu | 2024-07-22T13:00:42.171Z tarixində [Phalcon Sistemi] - Loqun məzmunu: Endpoint: /sent - Metod: GET - İstifadəçi: superadmin@gov.az - IP: ::1
info Loqu | 2024-07-22T13:02:26.735Z tarixində [Phalcon Sistemi] - Loqun məzmunu: Endpoint: /sent - Metod: GET - İstifadəçi: Bilinmir - IP: ::1
info Loqu | 2024-07-22T13:02:26.848Z tarixində [Phalcon Sistemi] - Loqun məzmunu: Endpoint: /favicon.ico - Metod: GET - İstifadəçi: Bilinmir - IP: ::1
info Loqu | 2024-07-22T13:02:28.062Z tarixində [Phalcon Sistemi] - Loqun məzmunu: Endpoint: /dashboard - Metod: GET - İstifadəçi: Bilinmir - IP: ::1
info Loqu | 2024-07-22T13:02:28.902Z tarixində [Phalcon Sistemi] - Loqun məzmunu: Endpoint: /dashboard - Metod: GET - İstifadəçi: Bilinmir - IP: ::1
warn Loqu | 2024-07-22T13:02:30.977Z tarixində [Phalcon Sistemi] - Loqun məzmunu: IP adresi ::1 olan istifadəçi /dashboard endpointinə GET metodu ilə icazəsiz giriş etməyə çalışdı
info Loqu | 2024-07-22T13:02:30.982Z tarixində [Phalcon Sistemi] - Loqun məzmunu: Endpoint: / - Metod: GET - İstifadəçi: Bilinmir - IP: ::1
info Loqu | 2024-07-22T13:02:35.543Z tarixində [Phalcon Sistemi] - Loqun məzmunu: Endpoint: /login - Metod: POST - İstifadəçi: Bilinmir - IP: ::1
info Loqu | 2024-07-22T13:02:35.613Z tarixində [Phalcon Sistemi] - Loqun məzmunu: Endpoint: /dashboard - Metod: GET - İstifadəçi: superadmin@gov.az - IP: ::1
info Loqu | 2024-07-22T13:02:38.281Z tarixində [Phalcon Sistemi] - Loqun məzmunu: Endpoint: /sent - Metod: GET - İstifadəçi: superadmin@gov.az - IP: ::1
info Loqu | 2024-07-22T13:03:53.424Z tarixində [Phalcon Sistemi] - Loqun məzmunu: Endpoint: / - Metod: GET - İstifadəçi: Bilinmir - IP: ::1
info Loqu | 2024-07-22T13:03:58.632Z tarixində [Phalcon Sistemi] - Loqun məzmunu: Endpoint: /login - Metod: POST - İstifadəçi: Bilinmir - IP: ::1
info Loqu | 2024-07-22T13:03:58.721Z tarixində [Phalcon Sistemi] - Loqun məzmunu: Endpoint: /dashboard - Metod: GET - İstifadəçi: superadmin@gov.az - IP: ::1
info Loqu | 2024-07-22T13:04:01.986Z tarixində [Phalcon Sistemi] - Loqun məzmunu: Endpoint: /sent - Metod: GET - İstifadəçi: superadmin@gov.az - IP: ::1
warn Loqu | 2024-07-22T13:04:29.047Z tarixində [Phalcon Sistemi] - Loqun məzmunu: IP adresi ::1 olan istifadəçi /messages endpointinə POST metodu ilə icazəsiz giriş etməyə çalışdı
info Loqu | 2024-07-22T13:04:29.071Z tarixində [Phalcon Sistemi] - Loqun məzmunu: Endpoint: / - Metod: GET - İstifadəçi: Bilinmir - IP: ::1
info Loqu | 2024-07-22T13:04:32.861Z tarixində [Phalcon Sistemi] - Loqun məzmunu: Endpoint: /login - Metod: POST - İstifadəçi: Bilinmir - IP: ::1
info Loqu | 2024-07-22T13:04:32.937Z tarixində [Phalcon Sistemi] - Loqun məzmunu: Endpoint: /dashboard - Metod: GET - İstifadəçi: superadmin@gov.az - IP: ::1
info Loqu | 2024-07-22T13:04:34.852Z tarixində [Phalcon Sistemi] - Loqun məzmunu: Endpoint: /sent - Metod: GET - İstifadəçi: superadmin@gov.az - IP: ::1
info Loqu | 2024-07-22T13:04:50.406Z tarixində [Phalcon Sistemi] - Loqun məzmunu: Endpoint: /inbox?page=2 - Metod: GET - İstifadəçi: superadmin@gov.az - IP: ::1
info Loqu | 2024-07-22T13:06:10.503Z tarixində [Phalcon Sistemi] - Loqun məzmunu: Endpoint: /inbox - Metod: GET - İstifadəçi: Bilinmir - IP: ::1
info Loqu | 2024-07-22T13:06:10.554Z tarixində [Phalcon Sistemi] - Loqun məzmunu: Endpoint: /favicon.ico - Metod: GET - İstifadəçi: Bilinmir - IP: ::1
info Loqu | 2024-07-22T13:06:13.017Z tarixində [Phalcon Sistemi] - Loqun məzmunu: Endpoint: /inbo - Metod: GET - İstifadəçi: Bilinmir - IP: ::1
info Loqu | 2024-07-22T13:06:16.524Z tarixində [Phalcon Sistemi] - Loqun məzmunu: Endpoint: / - Metod: GET - İstifadəçi: Bilinmir - IP: ::1
info Loqu | 2024-07-22T13:06:20.720Z tarixində [Phalcon Sistemi] - Loqun məzmunu: Endpoint: /login - Metod: POST - İstifadəçi: Bilinmir - IP: ::1
info Loqu | 2024-07-22T13:06:20.825Z tarixində [Phalcon Sistemi] - Loqun məzmunu: Endpoint: /dashboard - Metod: GET - İstifadəçi: superadmin@gov.az - IP: ::1
info Loqu | 2024-07-22T13:06:22.224Z tarixində [Phalcon Sistemi] - Loqun məzmunu: Endpoint: /inbox - Metod: GET - İstifadəçi: superadmin@gov.az - IP: ::1
info Loqu | 2024-07-22T13:06:23.290Z tarixində [Phalcon Sistemi] - Loqun məzmunu: Endpoint: /sent - Metod: GET - İstifadəçi: superadmin@gov.az - IP: ::1
info Loqu | 2024-07-22T13:06:54.864Z tarixində [Phalcon Sistemi] - Loqun məzmunu: Endpoint: /sent - Metod: GET - İstifadəçi: Bilinmir - IP: ::1
info Loqu | 2024-07-22T13:06:54.897Z tarixində [Phalcon Sistemi] - Loqun məzmunu: Endpoint: /favicon.ico - Metod: GET - İstifadəçi: Bilinmir - IP: ::1
info Loqu | 2024-07-22T13:06:57.619Z tarixində [Phalcon Sistemi] - Loqun məzmunu: Endpoint: / - Metod: GET - İstifadəçi: Bilinmir - IP: ::1
info Loqu | 2024-07-22T13:07:02.338Z tarixində [Phalcon Sistemi] - Loqun məzmunu: Endpoint: /login - Metod: POST - İstifadəçi: Bilinmir - IP: ::1
info Loqu | 2024-07-22T13:07:02.425Z tarixində [Phalcon Sistemi] - Loqun məzmunu: Endpoint: /dashboard - Metod: GET - İstifadəçi: superadmin@gov.az - IP: ::1
info Loqu | 2024-07-22T13:07:04.028Z tarixində [Phalcon Sistemi] - Loqun məzmunu: Endpoint: /sent - Metod: GET - İstifadəçi: superadmin@gov.az - IP: ::1
info Loqu | 2024-07-22T13:13:09.718Z tarixində [Phalcon Sistemi] - Loqun məzmunu: Endpoint: / - Metod: GET - İstifadəçi: Bilinmir - IP: ::1
info Loqu | 2024-07-22T13:13:26.951Z tarixində [Phalcon Sistemi] - Loqun məzmunu: Endpoint: / - Metod: GET - İstifadəçi: Bilinmir - IP: ::1
info Loqu | 2024-07-22T13:13:27.795Z tarixində [Phalcon Sistemi] - Loqun məzmunu: Endpoint: / - Metod: GET - İstifadəçi: Bilinmir - IP: ::1
info Loqu | 2024-07-22T13:13:27.977Z tarixində [Phalcon Sistemi] - Loqun məzmunu: Endpoint: / - Metod: GET - İstifadəçi: Bilinmir - IP: ::1
info Loqu | 2024-07-22T13:13:28.166Z tarixində [Phalcon Sistemi] - Loqun məzmunu: Endpoint: / - Metod: GET - İstifadəçi: Bilinmir - IP: ::1
info Loqu | 2024-07-22T13:13:28.850Z tarixində [Phalcon Sistemi] - Loqun məzmunu: Endpoint: / - Metod: GET - İstifadəçi: Bilinmir - IP: ::1
info Loqu | 2024-07-22T13:13:29.197Z tarixində [Phalcon Sistemi] - Loqun məzmunu: Endpoint: / - Metod: GET - İstifadəçi: Bilinmir - IP: ::1
info Loqu | 2024-07-22T13:13:29.481Z tarixində [Phalcon Sistemi] - Loqun məzmunu: Endpoint: / - Metod: GET - İstifadəçi: Bilinmir - IP: ::1
info Loqu | 2024-07-22T13:13:29.693Z tarixində [Phalcon Sistemi] - Loqun məzmunu: Endpoint: / - Metod: GET - İstifadəçi: Bilinmir - IP: ::1
info Loqu | 2024-07-22T13:13:38.344Z tarixində [Phalcon Sistemi] - Loqun məzmunu: Endpoint: / - Metod: GET - İstifadəçi: Bilinmir - IP: ::1
info Loqu | 2024-07-22T13:13:40.332Z tarixində [Phalcon Sistemi] - Loqun məzmunu: Endpoint: / - Metod: GET - İstifadəçi: Bilinmir - IP: ::1
info Loqu | 2024-07-22T13:14:17.772Z tarixində [Phalcon Sistemi] - Loqun məzmunu: Endpoint: / - Metod: GET - İstifadəçi: Bilinmir - IP: ::1
info Loqu | 22/07/2024, 17:15:28 tarixində [Phalcon Sistemi] - Loqun məzmunu: Endpoint: / - Metod: GET - İstifadəçi: Bilinmir - IP: ::1
info Loqu | 22/07/2024, 17:15:35 tarixində [Phalcon Sistemi] - Loqun məzmunu: Endpoint: /login - Metod: POST - İstifadəçi: Bilinmir - IP: ::1
info Loqu | 22/07/2024, 17:15:35 tarixində [Phalcon Sistemi] - Loqun məzmunu: Endpoint: /favicon.ico - Metod: GET - İstifadəçi: Bilinmir - IP: ::1
info Loqu | 22/07/2024, 17:16:23 tarixində [Phalcon Sistemi] - Loqun məzmunu: Endpoint: / - Metod: GET - İstifadəçi: Bilinmir - IP: ::1
info Loqu | 22/07/2024, 17:16:27 tarixində [Phalcon Sistemi] - Loqun məzmunu: Endpoint: /login - Metod: POST - İstifadəçi: Bilinmir - IP: ::1
info Loqu | 22/07/2024, 17:16:27 tarixində [Phalcon Sistemi] - Loqun məzmunu: Endpoint: / - Metod: GET - İstifadəçi: Bilinmir - IP: ::1
info Loqu | 22/07/2024, 17:17:53 tarixində [Phalcon Sistemi] - Loqun məzmunu: Endpoint: / - Metod: GET - İstifadəçi: Bilinmir - IP: ::1
info Loqu | 22/07/2024, 17:17:59 tarixində [Phalcon Sistemi] - Loqun məzmunu: Endpoint: /login - Metod: POST - İstifadəçi: Bilinmir - IP: ::1
info Loqu | 22/07/2024, 17:17:59 tarixində [Phalcon Sistemi] - Loqun məzmunu: Endpoint: /favicon.ico - Metod: GET - İstifadəçi: Bilinmir - IP: ::1
info Loqu | 22/07/2024, 17:18:16 tarixində [Phalcon Sistemi] - Loqun məzmunu: Endpoint: / - Metod: GET - İstifadəçi: Bilinmir - IP: ::1
info Loqu | 22/07/2024, 17:18:21 tarixində [Phalcon Sistemi] - Loqun məzmunu: Endpoint: /login - Metod: POST - İstifadəçi: Bilinmir - IP: ::1
info Loqu | 22/07/2024, 17:18:21 tarixində [Phalcon Sistemi] - Loqun məzmunu: Endpoint: /favicon.ico - Metod: GET - İstifadəçi: Bilinmir - IP: ::1
info Loqu | 22/07/2024, 17:19:24 tarixində [Phalcon Sistemi] - Loqun məzmunu: Endpoint: /login - Metod: POST - İstifadəçi: Bilinmir - IP: ::1
info Loqu | 22/07/2024, 17:19:24 tarixində [Phalcon Sistemi] - Loqun məzmunu: Endpoint: /favicon.ico - Metod: GET - İstifadəçi: Bilinmir - IP: ::1
info Loqu | 22/07/2024, 17:19:45 tarixində [Phalcon Sistemi] - Loqun məzmunu: Endpoint: /login - Metod: POST - İstifadəçi: Bilinmir - IP: ::1
info Loqu | 22/07/2024, 17:19:45 tarixində [Phalcon Sistemi] - Loqun məzmunu: Endpoint: /favicon.ico - Metod: GET - İstifadəçi: Bilinmir - IP: ::1
info Loqu | 22/07/2024, 17:19:50 tarixində [Phalcon Sistemi] - Loqun məzmunu: Endpoint: /login - Metod: POST - İstifadəçi: Bilinmir - IP: ::1
info Loqu | 22/07/2024, 17:19:50 tarixində [Phalcon Sistemi] - Loqun məzmunu: Endpoint: /favicon.ico - Metod: GET - İstifadəçi: Bilinmir - IP: ::1
info Loqu | 22/07/2024, 17:20:07 tarixində [Phalcon Sistemi] - Loqun məzmunu: Endpoint: / - Metod: GET - İstifadəçi: Bilinmir - IP: ::1
info Loqu | 22/07/2024, 17:20:11 tarixində [Phalcon Sistemi] - Loqun məzmunu: Endpoint: /login - Metod: POST - İstifadəçi: Bilinmir - IP: ::1
info Loqu | 22/07/2024, 17:20:11 tarixində [Phalcon Sistemi] - Loqun məzmunu: Endpoint: /favicon.ico - Metod: GET - İstifadəçi: Bilinmir - IP: ::1
info Loqu | 22/07/2024, 17:21:40 tarixində [Phalcon Sistemi] - Loqun məzmunu: Endpoint: /login - Metod: POST - İstifadəçi: Bilinmir - IP: ::1
info Loqu | 22/07/2024, 17:21:40 tarixində [Phalcon Sistemi] - Loqun məzmunu: Endpoint: /favicon.ico - Metod: GET - İstifadəçi: Bilinmir - IP: ::1
info Loqu | 22/07/2024, 17:22:03 tarixində [Phalcon Sistemi] - Loqun məzmunu: Endpoint: / - Metod: GET - İstifadəçi: Bilinmir - IP: ::1
info Loqu | 22/07/2024, 17:22:07 tarixində [Phalcon Sistemi] - Loqun məzmunu: Endpoint: /login - Metod: POST - İstifadəçi: Bilinmir - IP: ::1
info Loqu | 22/07/2024, 17:22:07 tarixində [Phalcon Sistemi] - Loqun məzmunu: Endpoint: /favicon.ico - Metod: GET - İstifadəçi: Bilinmir - IP: ::1
info Loqu | 22/07/2024, 17:22:39 tarixində [Phalcon Sistemi] - Loqun məzmunu: Endpoint: / - Metod: GET - İstifadəçi: Bilinmir - IP: ::1
info Loqu | 22/07/2024, 17:22:43 tarixində [Phalcon Sistemi] - Loqun məzmunu: Endpoint: /login - Metod: POST - İstifadəçi: Bilinmir - IP: ::1
info Loqu | 22/07/2024, 17:22:44 tarixində [Phalcon Sistemi] - Loqun məzmunu: Endpoint: /favicon.ico - Metod: GET - İstifadəçi: Bilinmir - IP: ::1
info Loqu | 22/07/2024, 17:23:24 tarixində [Phalcon Sistemi] - Loqun məzmunu: Endpoint: / - Metod: GET - İstifadəçi: Bilinmir - IP: ::1
info Loqu | 22/07/2024, 17:23:29 tarixində [Phalcon Sistemi] - Loqun məzmunu: Endpoint: /login - Metod: POST - İstifadəçi: Bilinmir - IP: ::1
info Loqu | 22/07/2024, 17:23:29 tarixində [Phalcon Sistemi] - Loqun məzmunu: Endpoint: /dashboard - Metod: GET - İstifadəçi: superadmin@gov.az - IP: ::1
info Loqu | 22/07/2024, 17:23:32 tarixində [Phalcon Sistemi] - Loqun məzmunu: Endpoint: /sent - Metod: GET - İstifadəçi: superadmin@gov.az - IP: ::1
info Loqu | 22/07/2024, 17:23:49 tarixində [Phalcon Sistemi] - Loqun məzmunu: Endpoint: /inbox?page=2 - Metod: GET - İstifadəçi: superadmin@gov.az - IP: ::1
info Loqu | 22/07/2024, 17:23:52 tarixində [Phalcon Sistemi] - Loqun məzmunu: Endpoint: /inbox?page=1 - Metod: GET - İstifadəçi: superadmin@gov.az - IP: ::1
info Loqu | 22/07/2024, 17:24:15 tarixində [Phalcon Sistemi] - Loqun məzmunu: Endpoint: /inbox?page=1 - Metod: GET - İstifadəçi: superadmin@gov.az - IP: ::1
info Loqu | 22/07/2024, 17:24:16 tarixində [Phalcon Sistemi] - Loqun məzmunu: Endpoint: /sent - Metod: GET - İstifadəçi: Bilinmir - IP: ::1
info Loqu | 22/07/2024, 17:24:16 tarixində [Phalcon Sistemi] - Loqun məzmunu: Endpoint: /favicon.ico - Metod: GET - İstifadəçi: Bilinmir - IP: ::1
info Loqu | 22/07/2024, 17:24:19 tarixində [Phalcon Sistemi] - Loqun məzmunu: Endpoint: / - Metod: GET - İstifadəçi: Bilinmir - IP: ::1
info Loqu | 22/07/2024, 17:24:24 tarixində [Phalcon Sistemi] - Loqun məzmunu: Endpoint: /login - Metod: POST - İstifadəçi: Bilinmir - IP: ::1
info Loqu | 22/07/2024, 17:24:24 tarixində [Phalcon Sistemi] - Loqun məzmunu: Endpoint: /dashboard - Metod: GET - İstifadəçi: superadmin@gov.az - IP: ::1
info Loqu | 22/07/2024, 17:24:26 tarixində [Phalcon Sistemi] - Loqun məzmunu: Endpoint: /inbox - Metod: GET - İstifadəçi: superadmin@gov.az - IP: ::1
info Loqu | 22/07/2024, 17:24:27 tarixində [Phalcon Sistemi] - Loqun məzmunu: Endpoint: /sent - Metod: GET - İstifadəçi: superadmin@gov.az - IP: ::1
info Loqu | 22/07/2024, 17:26:48 tarixində [Phalcon Sistemi] - Loqun məzmunu: Endpoint: / - Metod: GET - İstifadəçi: superadmin@gov.az - IP: ::1
info Loqu | 22/07/2024, 17:26:53 tarixində [Phalcon Sistemi] - Loqun məzmunu: Endpoint: /login - Metod: POST - İstifadəçi: superadmin@gov.az - IP: ::1
info Loqu | 22/07/2024, 17:26:53 tarixində [Phalcon Sistemi] - Loqun məzmunu: Endpoint: /dashboard - Metod: GET - İstifadəçi: superadmin@gov.az - IP: ::1
info Loqu | 22/07/2024, 17:26:55 tarixində [Phalcon Sistemi] - Loqun məzmunu: Endpoint: /sent - Metod: GET - İstifadəçi: superadmin@gov.az - IP: ::1
info Loqu | 22/07/2024, 17:27:17 tarixində [Phalcon Sistemi] - Loqun məzmunu: Endpoint: / - Metod: GET - İstifadəçi: Bilinmir - IP: ::1
info Loqu | 22/07/2024, 17:27:22 tarixində [Phalcon Sistemi] - Loqun məzmunu: Endpoint: /login - Metod: POST - İstifadəçi: Bilinmir - IP: ::1
info Loqu | 22/07/2024, 17:27:22 tarixində [Phalcon Sistemi] - Loqun məzmunu: Endpoint: /dashboard - Metod: GET - İstifadəçi: superadmin@gov.az - IP: ::1
info Loqu | 22/07/2024, 17:27:24 tarixində [Phalcon Sistemi] - Loqun məzmunu: Endpoint: /inbox - Metod: GET - İstifadəçi: superadmin@gov.az - IP: ::1
info Loqu | 22/07/2024, 17:27:28 tarixində [Phalcon Sistemi] - Loqun məzmunu: Endpoint: /sent - Metod: GET - İstifadəçi: superadmin@gov.az - IP: ::1
info Loqu | 22/07/2024, 17:29:00 tarixində [Phalcon Sistemi] - Loqun məzmunu: Endpoint: / - Metod: GET - İstifadəçi: Bilinmir - IP: ::1
info Loqu | 22/07/2024, 17:29:05 tarixində [Phalcon Sistemi] - Loqun məzmunu: Endpoint: /login - Metod: POST - İstifadəçi: Bilinmir - IP: ::1
info Loqu | 22/07/2024, 17:29:05 tarixində [Phalcon Sistemi] - Loqun məzmunu: Endpoint: /dashboard - Metod: GET - İstifadəçi: superadmin@gov.az - IP: ::1
info Loqu | 22/07/2024, 17:29:07 tarixində [Phalcon Sistemi] - Loqun məzmunu: Endpoint: /sent - Metod: GET - İstifadəçi: superadmin@gov.az - IP: ::1
info Loqu | 22/07/2024, 17:29:22 tarixində [Phalcon Sistemi] - Loqun məzmunu: Endpoint: /inbox?page=3 - Metod: GET - İstifadəçi: superadmin@gov.az - IP: ::1
info Loqu | 22/07/2024, 17:31:39 tarixində [Phalcon Sistemi] - Loqun məzmunu: Endpoint: /sent - Metod: GET - İstifadəçi: superadmin@gov.az - IP: ::1
info Loqu | 22/07/2024, 17:31:46 tarixində [Phalcon Sistemi] - Loqun məzmunu: Endpoint: /dashboard - Metod: GET - İstifadəçi: superadmin@gov.az - IP: ::1
info Loqu | 22/07/2024, 17:31:51 tarixində [Phalcon Sistemi] - Loqun məzmunu: Endpoint: /sent - Metod: GET - İstifadəçi: superadmin@gov.az - IP: ::1
info Loqu | 22/07/2024, 17:33:27 tarixində [Phalcon Sistemi] - Loqun məzmunu: Endpoint: /sent - Metod: GET - İstifadəçi: Bilinmir - IP: ::1
info Loqu | 22/07/2024, 17:33:27 tarixində [Phalcon Sistemi] - Loqun məzmunu: Endpoint: /favicon.ico - Metod: GET - İstifadəçi: Bilinmir - IP: ::1
info Loqu | 22/07/2024, 17:33:29 tarixində [Phalcon Sistemi] - Loqun məzmunu: Endpoint: / - Metod: GET - İstifadəçi: Bilinmir - IP: ::1
info Loqu | 22/07/2024, 17:33:34 tarixində [Phalcon Sistemi] - Loqun məzmunu: Endpoint: /login - Metod: POST - İstifadəçi: Bilinmir - IP: ::1
info Loqu | 22/07/2024, 17:33:34 tarixində [Phalcon Sistemi] - Loqun məzmunu: Endpoint: /dashboard - Metod: GET - İstifadəçi: superadmin@gov.az - IP: ::1
info Loqu | 22/07/2024, 17:33:36 tarixində [Phalcon Sistemi] - Loqun məzmunu: Endpoint: /sent - Metod: GET - İstifadəçi: superadmin@gov.az - IP: ::1
info Loqu | 22/07/2024, 17:33:45 tarixində [Phalcon Sistemi] - Loqun məzmunu: Endpoint: /sent - Metod: GET - İstifadəçi: superadmin@gov.az - IP: ::1
info Loqu | 22/07/2024, 17:33:49 tarixində [Phalcon Sistemi] - Loqun məzmunu: Endpoint: /inbox?page=3 - Metod: GET - İstifadəçi: superadmin@gov.az - IP: ::1
info Loqu | 22/07/2024, 17:33:52 tarixində [Phalcon Sistemi] - Loqun məzmunu: Endpoint: /inbox/read-message/669e5fb94303a9533f70040e - Metod: GET - İstifadəçi: superadmin@gov.az - IP: ::1
info Loqu | 22/07/2024, 17:33:52 tarixində [Phalcon Sistemi] - Loqun məzmunu: Endpoint: /inbox/read-message/assets/images/logo-full.png - Metod: GET - İstifadəçi: superadmin@gov.az - IP: ::1
info Loqu | 22/07/2024, 17:33:52 tarixində [Phalcon Sistemi] - Loqun məzmunu: Endpoint: /inbox/read-message/assets/images/logo-abbr.png - Metod: GET - İstifadəçi: superadmin@gov.az - IP: ::1
info Loqu | 22/07/2024, 17:33:52 tarixində [Phalcon Sistemi] - Loqun məzmunu: Endpoint: /inbox/read-message/assets/vendors/img/flags/4x3/az.svg - Metod: GET - İstifadəçi: superadmin@gov.az - IP: ::1
info Loqu | 22/07/2024, 17:33:52 tarixində [Phalcon Sistemi] - Loqun məzmunu: Endpoint: /inbox/read-message/assets/images/avatar/2.png - Metod: GET - İstifadəçi: superadmin@gov.az - IP: ::1
info Loqu | 22/07/2024, 17:33:52 tarixində [Phalcon Sistemi] - Loqun məzmunu: Endpoint: /inbox/read-message/assets/images/avatar/3.png - Metod: GET - İstifadəçi: superadmin@gov.az - IP: ::1
info Loqu | 22/07/2024, 17:33:52 tarixində [Phalcon Sistemi] - Loqun məzmunu: Endpoint: /inbox/read-message/assets/images/avatar/1.png - Metod: GET - İstifadəçi: superadmin@gov.az - IP: ::1
info Loqu | 22/07/2024, 17:33:52 tarixində [Phalcon Sistemi] - Loqun məzmunu: Endpoint: /inbox/read-message/assets/images/avatar/4.png - Metod: GET - İstifadəçi: superadmin@gov.az - IP: ::1
info Loqu | 22/07/2024, 17:33:56 tarixində [Phalcon Sistemi] - Loqun məzmunu: Endpoint: /sent - Metod: GET - İstifadəçi: superadmin@gov.az - IP: ::1
info Loqu | 22/07/2024, 17:33:58 tarixində [Phalcon Sistemi] - Loqun məzmunu: Endpoint: /inbox?page=3 - Metod: GET - İstifadəçi: superadmin@gov.az - IP: ::1
info Loqu | 22/07/2024, 17:34:09 tarixində [Phalcon Sistemi] - Loqun məzmunu: Endpoint: /sent - Metod: GET - İstifadəçi: superadmin@gov.az - IP: ::1
info Loqu | 22/07/2024, 17:34:11 tarixində [Phalcon Sistemi] - Loqun məzmunu: Endpoint: /inbox?page=3 - Metod: GET - İstifadəçi: superadmin@gov.az - IP: ::1
info Loqu | 22/07/2024, 17:34:32 tarixində [Phalcon Sistemi] - Loqun məzmunu: Endpoint: /inbox?page=3 - Metod: GET - İstifadəçi: superadmin@gov.az - IP: ::1
info Loqu | 22/07/2024, 17:34:34 tarixində [Phalcon Sistemi] - Loqun məzmunu: Endpoint: /sent - Metod: GET - İstifadəçi: superadmin@gov.az - IP: ::1
info Loqu | 22/07/2024, 17:34:36 tarixində [Phalcon Sistemi] - Loqun məzmunu: Endpoint: /sent?page=2 - Metod: GET - İstifadəçi: superadmin@gov.az - IP: ::1
info Loqu | 22/07/2024, 17:34:38 tarixində [Phalcon Sistemi] - Loqun məzmunu: Endpoint: /sent?page=3 - Metod: GET - İstifadəçi: superadmin@gov.az - IP: ::1
info Loqu | 22/07/2024, 17:37:00 tarixində [Phalcon Sistemi] - Loqun məzmunu: Endpoint: /sent?page=3 - Metod: GET - İstifadəçi: Bilinmir - IP: ::1
info Loqu | 22/07/2024, 17:37:00 tarixində [Phalcon Sistemi] - Loqun məzmunu: Endpoint: /sent?page=3 - Metod: GET - İstifadəçi: Bilinmir - IP: ::1
info Loqu | 22/07/2024, 17:37:00 tarixində [Phalcon Sistemi] - Loqun məzmunu: Endpoint: /favicon.ico - Metod: GET - İstifadəçi: Bilinmir - IP: ::1
info Loqu | 22/07/2024, 17:37:02 tarixində [Phalcon Sistemi] - Loqun məzmunu: Endpoint: / - Metod: GET - İstifadəçi: Bilinmir - IP: ::1
info Loqu | 22/07/2024, 17:37:06 tarixində [Phalcon Sistemi] - Loqun məzmunu: Endpoint: /login - Metod: POST - İstifadəçi: Bilinmir - IP: ::1
info Loqu | 22/07/2024, 17:37:06 tarixində [Phalcon Sistemi] - Loqun məzmunu: Endpoint: /dashboard - Metod: GET - İstifadəçi: superadmin@gov.az - IP: ::1
info Loqu | 22/07/2024, 17:37:09 tarixində [Phalcon Sistemi] - Loqun məzmunu: Endpoint: /sent - Metod: GET - İstifadəçi: superadmin@gov.az - IP: ::1
info Loqu | 22/07/2024, 17:37:12 tarixində [Phalcon Sistemi] - Loqun məzmunu: Endpoint: /inbox - Metod: GET - İstifadəçi: superadmin@gov.az - IP: ::1
info Loqu | 22/07/2024, 17:37:27 tarixində [Phalcon Sistemi] - Loqun məzmunu: Endpoint: /sent - Metod: GET - İstifadəçi: superadmin@gov.az - IP: ::1
info Loqu | 22/07/2024, 17:37:39 tarixində [Phalcon Sistemi] - Loqun məzmunu: Endpoint: /inbox - Metod: GET - İstifadəçi: superadmin@gov.az - IP: ::1
info Loqu | 22/07/2024, 17:37:57 tarixində [Phalcon Sistemi] - Loqun məzmunu: Endpoint: / - Metod: GET - İstifadəçi: superadmin@gov.az - IP: ::1
info Loqu | 22/07/2024, 17:38:02 tarixində [Phalcon Sistemi] - Loqun məzmunu: Endpoint: /login - Metod: POST - İstifadəçi: superadmin@gov.az - IP: ::1
info Loqu | 22/07/2024, 17:38:02 tarixində [Phalcon Sistemi] - Loqun məzmunu: Endpoint: /dashboard - Metod: GET - İstifadəçi: xin@gov.az - IP: ::1
info Loqu | 22/07/2024, 17:38:04 tarixində [Phalcon Sistemi] - Loqun məzmunu: Endpoint: /inbox - Metod: GET - İstifadəçi: xin@gov.az - IP: ::1
info Loqu | 22/07/2024, 17:38:13 tarixində [Phalcon Sistemi] - Loqun məzmunu: Endpoint: /inbox/read-message/669e58cad7bf4efde9aca9f5 - Metod: GET - İstifadəçi: xin@gov.az - IP: ::1
info Loqu | 22/07/2024, 17:38:13 tarixində [Phalcon Sistemi] - Loqun məzmunu: Endpoint: /inbox/read-message/assets/images/logo-full.png - Metod: GET - İstifadəçi: xin@gov.az - IP: ::1
info Loqu | 22/07/2024, 17:38:13 tarixində [Phalcon Sistemi] - Loqun məzmunu: Endpoint: /inbox/read-message/assets/images/logo-abbr.png - Metod: GET - İstifadəçi: xin@gov.az - IP: ::1
info Loqu | 22/07/2024, 17:38:13 tarixində [Phalcon Sistemi] - Loqun məzmunu: Endpoint: /inbox/read-message/assets/images/avatar/2.png - Metod: GET - İstifadəçi: xin@gov.az - IP: ::1
info Loqu | 22/07/2024, 17:38:13 tarixində [Phalcon Sistemi] - Loqun məzmunu: Endpoint: /inbox/read-message/assets/vendors/img/flags/4x3/az.svg - Metod: GET - İstifadəçi: xin@gov.az - IP: ::1
info Loqu | 22/07/2024, 17:38:13 tarixində [Phalcon Sistemi] - Loqun məzmunu: Endpoint: /inbox/read-message/assets/images/avatar/3.png - Metod: GET - İstifadəçi: xin@gov.az - IP: ::1
info Loqu | 22/07/2024, 17:38:13 tarixində [Phalcon Sistemi] - Loqun məzmunu: Endpoint: /inbox/read-message/assets/images/avatar/4.png - Metod: GET - İstifadəçi: xin@gov.az - IP: ::1
info Loqu | 22/07/2024, 17:38:13 tarixində [Phalcon Sistemi] - Loqun məzmunu: Endpoint: /inbox/read-message/assets/images/avatar/1.png - Metod: GET - İstifadəçi: xin@gov.az - IP: ::1
info Loqu | 22/07/2024, 17:38:15 tarixində [Phalcon Sistemi] - Loqun məzmunu: Endpoint: /inbox - Metod: GET - İstifadəçi: xin@gov.az - IP: ::1
info Loqu | 22/07/2024, 17:38:18 tarixində [Phalcon Sistemi] - Loqun məzmunu: Endpoint: /sent - Metod: GET - İstifadəçi: xin@gov.az - IP: ::1
info Loqu | 22/07/2024, 17:38:36 tarixində [Phalcon Sistemi] - Loqun məzmunu: Endpoint: /sent - Metod: GET - İstifadəçi: xin@gov.az - IP: ::1
info Loqu | 22/07/2024, 17:38:40 tarixində [Phalcon Sistemi] - Loqun məzmunu: Endpoint: /inbox - Metod: GET - İstifadəçi: xin@gov.az - IP: ::1
info Loqu | 22/07/2024, 17:38:47 tarixində [Phalcon Sistemi] - Loqun məzmunu: Endpoint: / - Metod: GET - İstifadəçi: xin@gov.az - IP: ::1
info Loqu | 22/07/2024, 17:38:54 tarixində [Phalcon Sistemi] - Loqun məzmunu: Endpoint: /login - Metod: POST - İstifadəçi: xin@gov.az - IP: ::1
info Loqu | 22/07/2024, 17:38:54 tarixində [Phalcon Sistemi] - Loqun məzmunu: Endpoint: /dashboard - Metod: GET - İstifadəçi: sefirlik@gov.az - IP: ::1
info Loqu | 22/07/2024, 17:38:56 tarixində [Phalcon Sistemi] - Loqun məzmunu: Endpoint: /inbox - Metod: GET - İstifadəçi: sefirlik@gov.az - IP: ::1
info Loqu | 22/07/2024, 17:39:00 tarixində [Phalcon Sistemi] - Loqun məzmunu: Endpoint: /sent - Metod: GET - İstifadəçi: sefirlik@gov.az - IP: ::1
info Loqu | 22/07/2024, 17:39:37 tarixində [Phalcon Sistemi] - Loqun məzmunu: Endpoint: /new-received - Metod: GET - İstifadəçi: Bilinmir - IP: ::1
info Loqu | 22/07/2024, 17:39:47 tarixində [Phalcon Sistemi] - Loqun məzmunu: Endpoint: / - Metod: GET - İstifadəçi: Bilinmir - IP: ::1
info Loqu | 22/07/2024, 17:39:53 tarixində [Phalcon Sistemi] - Loqun məzmunu: Endpoint: /login - Metod: POST - İstifadəçi: Bilinmir - IP: ::1
info Loqu | 22/07/2024, 17:39:53 tarixində [Phalcon Sistemi] - Loqun məzmunu: Endpoint: /dashboard - Metod: GET - İstifadəçi: superadmin@gov.az - IP: ::1
info Loqu | 22/07/2024, 17:39:54 tarixində [Phalcon Sistemi] - Loqun məzmunu: Endpoint: /new-received - Metod: GET - İstifadəçi: superadmin@gov.az - IP: ::1
info Loqu | 22/07/2024, 17:44:47 tarixində [Phalcon Sistemi] - Loqun məzmunu: Endpoint: / - Metod: GET - İstifadəçi: Bilinmir - IP: ::1
info Loqu | 22/07/2024, 17:44:52 tarixində [Phalcon Sistemi] - Loqun məzmunu: Endpoint: /login - Metod: POST - İstifadəçi: Bilinmir - IP: ::1
info Loqu | 22/07/2024, 17:44:52 tarixində [Phalcon Sistemi] - Loqun məzmunu: Endpoint: /dashboard - Metod: GET - İstifadəçi: superadmin@gov.az - IP: ::1
info Loqu | 22/07/2024, 17:44:53 tarixində [Phalcon Sistemi] - Loqun məzmunu: Endpoint: /new-received - Metod: GET - İstifadəçi: superadmin@gov.az - IP: ::1
info Loqu | 22/07/2024, 17:45:34 tarixində [Phalcon Sistemi] - Loqun məzmunu: Endpoint: /new-received - Metod: GET - İstifadəçi: Bilinmir - IP: ::1
info Loqu | 22/07/2024, 17:45:34 tarixində [Phalcon Sistemi] - Loqun məzmunu: Endpoint: /favicon.ico - Metod: GET - İstifadəçi: Bilinmir - IP: ::1
info Loqu | 22/07/2024, 17:45:36 tarixində [Phalcon Sistemi] - Loqun məzmunu: Endpoint: / - Metod: GET - İstifadəçi: Bilinmir - IP: ::1
info Loqu | 22/07/2024, 17:45:41 tarixində [Phalcon Sistemi] - Loqun məzmunu: Endpoint: /login - Metod: POST - İstifadəçi: Bilinmir - IP: ::1
info Loqu | 22/07/2024, 17:45:41 tarixində [Phalcon Sistemi] - Loqun məzmunu: Endpoint: /dashboard - Metod: GET - İstifadəçi: superadmin@gov.az - IP: ::1
info Loqu | 22/07/2024, 17:45:42 tarixində [Phalcon Sistemi] - Loqun məzmunu: Endpoint: /new-received - Metod: GET - İstifadəçi: superadmin@gov.az - IP: ::1
info Loqu | 22/07/2024, 17:45:48 tarixində [Phalcon Sistemi] - Loqun məzmunu: Endpoint: /inbox?page=2 - Metod: GET - İstifadəçi: superadmin@gov.az - IP: ::1
info Loqu | 22/07/2024, 17:45:50 tarixində [Phalcon Sistemi] - Loqun məzmunu: Endpoint: /inbox?page=1 - Metod: GET - İstifadəçi: superadmin@gov.az - IP: ::1
info Loqu | 22/07/2024, 17:45:53 tarixində [Phalcon Sistemi] - Loqun məzmunu: Endpoint: /inbox?page=2 - Metod: GET - İstifadəçi: superadmin@gov.az - IP: ::1
info Loqu | 22/07/2024, 17:46:19 tarixində [Phalcon Sistemi] - Loqun məzmunu: Endpoint: /new-received - Metod: GET - İstifadəçi: superadmin@gov.az - IP: ::1
info Loqu | 22/07/2024, 17:46:46 tarixində [Phalcon Sistemi] - Loqun məzmunu: Endpoint: /new-received - Metod: GET - İstifadəçi: superadmin@gov.az - IP: ::1
info Loqu | 22/07/2024, 17:46:48 tarixində [Phalcon Sistemi] - Loqun məzmunu: Endpoint: /new-received?page=2 - Metod: GET - İstifadəçi: superadmin@gov.az - IP: ::1
info Loqu | 22/07/2024, 17:46:50 tarixində [Phalcon Sistemi] - Loqun məzmunu: Endpoint: /new-received?page=3 - Metod: GET - İstifadəçi: superadmin@gov.az - IP: ::1
info Loqu | 22/07/2024, 17:46:53 tarixində [Phalcon Sistemi] - Loqun məzmunu: Endpoint: /new-received?page=1 - Metod: GET - İstifadəçi: superadmin@gov.az - IP: ::1
info Loqu | 22/07/2024, 17:47:19 tarixində [Phalcon Sistemi] - Loqun məzmunu: Endpoint: /new-received?page=1 - Metod: GET - İstifadəçi: Bilinmir - IP: ::1
info Loqu | 22/07/2024, 17:47:19 tarixində [Phalcon Sistemi] - Loqun məzmunu: Endpoint: /favicon.ico - Metod: GET - İstifadəçi: Bilinmir - IP: ::1
info Loqu | 22/07/2024, 17:47:19 tarixində [Phalcon Sistemi] - Loqun məzmunu: Endpoint: /new-received?page=1 - Metod: GET - İstifadəçi: Bilinmir - IP: ::1
info Loqu | 22/07/2024, 17:47:19 tarixində [Phalcon Sistemi] - Loqun məzmunu: Endpoint: /favicon.ico - Metod: GET - İstifadəçi: Bilinmir - IP: ::1
info Loqu | 22/07/2024, 17:47:21 tarixində [Phalcon Sistemi] - Loqun məzmunu: Endpoint: / - Metod: GET - İstifadəçi: Bilinmir - IP: ::1
info Loqu | 22/07/2024, 17:47:26 tarixində [Phalcon Sistemi] - Loqun məzmunu: Endpoint: /login - Metod: POST - İstifadəçi: Bilinmir - IP: ::1
info Loqu | 22/07/2024, 17:47:26 tarixində [Phalcon Sistemi] - Loqun məzmunu: Endpoint: /dashboard - Metod: GET - İstifadəçi: superadmin@gov.az - IP: ::1
info Loqu | 22/07/2024, 17:47:27 tarixində [Phalcon Sistemi] - Loqun məzmunu: Endpoint: /new-received - Metod: GET - İstifadəçi: superadmin@gov.az - IP: ::1
info Loqu | 22/07/2024, 17:49:44 tarixində [Phalcon Sistemi] - Loqun məzmunu: Endpoint: /new-received - Metod: GET - İstifadəçi: Bilinmir - IP: ::1
info Loqu | 22/07/2024, 17:49:44 tarixində [Phalcon Sistemi] - Loqun məzmunu: Endpoint: /favicon.ico - Metod: GET - İstifadəçi: Bilinmir - IP: ::1
info Loqu | 22/07/2024, 17:49:46 tarixində [Phalcon Sistemi] - Loqun məzmunu: Endpoint: / - Metod: GET - İstifadəçi: Bilinmir - IP: ::1
info Loqu | 22/07/2024, 17:49:50 tarixində [Phalcon Sistemi] - Loqun məzmunu: Endpoint: /login - Metod: POST - İstifadəçi: Bilinmir - IP: ::1
info Loqu | 22/07/2024, 17:49:51 tarixində [Phalcon Sistemi] - Loqun məzmunu: Endpoint: /dashboard - Metod: GET - İstifadəçi: superadmin@gov.az - IP: ::1
info Loqu | 22/07/2024, 17:50:56 tarixində [Phalcon Sistemi] - Loqun məzmunu: Endpoint: /dashboard - Metod: GET - İstifadəçi: superadmin@gov.az - IP: ::1
info Loqu | 22/07/2024, 17:50:57 tarixində [Phalcon Sistemi] - Loqun məzmunu: Endpoint: /dashboard - Metod: GET - İstifadəçi: superadmin@gov.az - IP: ::1
info Loqu | 22/07/2024, 17:50:57 tarixində [Phalcon Sistemi] - Loqun məzmunu: Endpoint: /dashboard - Metod: GET - İstifadəçi: superadmin@gov.az - IP: ::1
info Loqu | 22/07/2024, 17:50:58 tarixində [Phalcon Sistemi] - Loqun məzmunu: Endpoint: /dashboard - Metod: GET - İstifadəçi: superadmin@gov.az - IP: ::1
info Loqu | 22/07/2024, 17:50:58 tarixində [Phalcon Sistemi] - Loqun məzmunu: Endpoint: /dashboard - Metod: GET - İstifadəçi: superadmin@gov.az - IP: ::1
info Loqu | 22/07/2024, 17:50:58 tarixində [Phalcon Sistemi] - Loqun məzmunu: Endpoint: /dashboard - Metod: GET - İstifadəçi: superadmin@gov.az - IP: ::1
info Loqu | 22/07/2024, 17:51:03 tarixində [Phalcon Sistemi] - Loqun məzmunu: Endpoint: / - Metod: GET - İstifadəçi: superadmin@gov.az - IP: ::1
info Loqu | 22/07/2024, 17:51:08 tarixində [Phalcon Sistemi] - Loqun məzmunu: Endpoint: /login - Metod: POST - İstifadəçi: superadmin@gov.az - IP: ::1
info Loqu | 22/07/2024, 17:51:08 tarixində [Phalcon Sistemi] - Loqun məzmunu: Endpoint: /dashboard - Metod: GET - İstifadəçi: superadmin@gov.az - IP: ::1
info Loqu | 22/07/2024, 17:51:33 tarixində [Phalcon Sistemi] - Loqun məzmunu: Endpoint: /dashboard - Metod: GET - İstifadəçi: superadmin@gov.az - IP: ::1
info Loqu | 22/07/2024, 17:51:34 tarixində [Phalcon Sistemi] - Loqun məzmunu: Endpoint: /dashboard - Metod: GET - İstifadəçi: superadmin@gov.az - IP: ::1
info Loqu | 22/07/2024, 17:51:34 tarixində [Phalcon Sistemi] - Loqun məzmunu: Endpoint: /dashboard - Metod: GET - İstifadəçi: superadmin@gov.az - IP: ::1
info Loqu | 22/07/2024, 17:52:17 tarixində [Phalcon Sistemi] - Loqun məzmunu: Endpoint: /dashboard - Metod: GET - İstifadəçi: superadmin@gov.az - IP: ::1
info Loqu | 22/07/2024, 17:52:18 tarixində [Phalcon Sistemi] - Loqun məzmunu: Endpoint: /dashboard - Metod: GET - İstifadəçi: superadmin@gov.az - IP: ::1
info Loqu | 22/07/2024, 17:52:18 tarixində [Phalcon Sistemi] - Loqun məzmunu: Endpoint: /dashboard - Metod: GET - İstifadəçi: superadmin@gov.az - IP: ::1
info Loqu | 22/07/2024, 17:52:18 tarixində [Phalcon Sistemi] - Loqun məzmunu: Endpoint: /dashboard - Metod: GET - İstifadəçi: superadmin@gov.az - IP: ::1
info Loqu | 22/07/2024, 17:52:18 tarixində [Phalcon Sistemi] - Loqun məzmunu: Endpoint: /dashboard - Metod: GET - İstifadəçi: superadmin@gov.az - IP: ::1
info Loqu | 22/07/2024, 17:52:19 tarixində [Phalcon Sistemi] - Loqun məzmunu: Endpoint: /dashboard - Metod: GET - İstifadəçi: superadmin@gov.az - IP: ::1
info Loqu | 22/07/2024, 17:53:17 tarixində [Phalcon Sistemi] - Loqun məzmunu: Endpoint: /dashboard - Metod: GET - İstifadəçi: superadmin@gov.az - IP: ::1
info Loqu | 22/07/2024, 17:53:17 tarixində [Phalcon Sistemi] - Loqun məzmunu: Endpoint: /dashboard - Metod: GET - İstifadəçi: superadmin@gov.az - IP: ::1
info Loqu | 22/07/2024, 17:53:18 tarixində [Phalcon Sistemi] - Loqun məzmunu: Endpoint: /dashboard - Metod: GET - İstifadəçi: superadmin@gov.az - IP: ::1
info Loqu | 22/07/2024, 17:53:18 tarixində [Phalcon Sistemi] - Loqun məzmunu: Endpoint: /dashboard - Metod: GET - İstifadəçi: superadmin@gov.az - IP: ::1
info Loqu | 22/07/2024, 17:53:18 tarixində [Phalcon Sistemi] - Loqun məzmunu: Endpoint: /dashboard - Metod: GET - İstifadəçi: superadmin@gov.az - IP: ::1
info Loqu | 22/07/2024, 17:53:24 tarixində [Phalcon Sistemi] - Loqun məzmunu: Endpoint: / - Metod: GET - İstifadəçi: superadmin@gov.az - IP: ::1
info Loqu | 22/07/2024, 17:53:29 tarixində [Phalcon Sistemi] - Loqun məzmunu: Endpoint: /login - Metod: POST - İstifadəçi: superadmin@gov.az - IP: ::1
info Loqu | 22/07/2024, 17:53:29 tarixində [Phalcon Sistemi] - Loqun məzmunu: Endpoint: /dashboard - Metod: GET - İstifadəçi: superadmin@gov.az - IP: ::1
info Loqu | 22/07/2024, 17:54:06 tarixində [Phalcon Sistemi] - Loqun məzmunu: Endpoint: /dashboard - Metod: GET - İstifadəçi: Bilinmir - IP: ::1
info Loqu | 22/07/2024, 17:54:07 tarixində [Phalcon Sistemi] - Loqun məzmunu: Endpoint: /dashboard - Metod: GET - İstifadəçi: Bilinmir - IP: ::1
info Loqu | 22/07/2024, 17:54:07 tarixində [Phalcon Sistemi] - Loqun məzmunu: Endpoint: /dashboard - Metod: GET - İstifadəçi: Bilinmir - IP: ::1
info Loqu | 22/07/2024, 17:54:07 tarixində [Phalcon Sistemi] - Loqun məzmunu: Endpoint: /dashboard - Metod: GET - İstifadəçi: Bilinmir - IP: ::1
info Loqu | 22/07/2024, 17:54:07 tarixində [Phalcon Sistemi] - Loqun məzmunu: Endpoint: /dashboard - Metod: GET - İstifadəçi: Bilinmir - IP: ::1
info Loqu | 22/07/2024, 17:54:14 tarixində [Phalcon Sistemi] - Loqun məzmunu: Endpoint: / - Metod: GET - İstifadəçi: Bilinmir - IP: ::1
info Loqu | 22/07/2024, 17:54:18 tarixində [Phalcon Sistemi] - Loqun məzmunu: Endpoint: /login - Metod: POST - İstifadəçi: Bilinmir - IP: ::1
info Loqu | 22/07/2024, 17:54:18 tarixində [Phalcon Sistemi] - Loqun məzmunu: Endpoint: /dashboard - Metod: GET - İstifadəçi: superadmin@gov.az - IP: ::1
info Loqu | 22/07/2024, 17:54:30 tarixində [Phalcon Sistemi] - Loqun məzmunu: Endpoint: /dashboard - Metod: GET - İstifadəçi: Bilinmir - IP: ::1
info Loqu | 22/07/2024, 17:54:30 tarixində [Phalcon Sistemi] - Loqun məzmunu: Endpoint: /dashboard - Metod: GET - İstifadəçi: Bilinmir - IP: ::1
info Loqu | 22/07/2024, 17:54:31 tarixində [Phalcon Sistemi] - Loqun məzmunu: Endpoint: /dashboard - Metod: GET - İstifadəçi: Bilinmir - IP: ::1
info Loqu | 22/07/2024, 17:54:31 tarixində [Phalcon Sistemi] - Loqun məzmunu: Endpoint: /dashboard - Metod: GET - İstifadəçi: Bilinmir - IP: ::1
info Loqu | 22/07/2024, 17:54:31 tarixində [Phalcon Sistemi] - Loqun məzmunu: Endpoint: /dashboard - Metod: GET - İstifadəçi: Bilinmir - IP: ::1
info Loqu | 22/07/2024, 17:54:31 tarixində [Phalcon Sistemi] - Loqun məzmunu: Endpoint: /dashboard - Metod: GET - İstifadəçi: Bilinmir - IP: ::1
info Loqu | 22/07/2024, 17:54:32 tarixində [Phalcon Sistemi] - Loqun məzmunu: Endpoint: /dashboard - Metod: GET - İstifadəçi: Bilinmir - IP: ::1
info Loqu | 22/07/2024, 17:54:33 tarixində [Phalcon Sistemi] - Loqun məzmunu: Endpoint: /dashboard - Metod: GET - İstifadəçi: Bilinmir - IP: ::1
info Loqu | 22/07/2024, 17:54:33 tarixində [Phalcon Sistemi] - Loqun məzmunu: Endpoint: /dashboard - Metod: GET - İstifadəçi: Bilinmir - IP: ::1
info Loqu | 22/07/2024, 17:54:33 tarixində [Phalcon Sistemi] - Loqun məzmunu: Endpoint: /dashboard - Metod: GET - İstifadəçi: Bilinmir - IP: ::1
info Loqu | 22/07/2024, 17:54:54 tarixində [Phalcon Sistemi] - Loqun məzmunu: Endpoint: /dashboard - Metod: GET - İstifadəçi: Bilinmir - IP: ::1
info Loqu | 22/07/2024, 17:56:24 tarixində [Phalcon Sistemi] - Loqun məzmunu: Endpoint: /dashboard - Metod: GET - İstifadəçi: Bilinmir - IP: ::1
info Loqu | 22/07/2024, 17:56:24 tarixində [Phalcon Sistemi] - Loqun məzmunu: Endpoint: /favicon.ico - Metod: GET - İstifadəçi: Bilinmir - IP: ::1
info Loqu | 22/07/2024, 17:56:25 tarixində [Phalcon Sistemi] - Loqun məzmunu: Endpoint: /dashboard - Metod: GET - İstifadəçi: Bilinmir - IP: ::1
info Loqu | 22/07/2024, 17:56:25 tarixində [Phalcon Sistemi] - Loqun məzmunu: Endpoint: /favicon.ico - Metod: GET - İstifadəçi: Bilinmir - IP: ::1
info Loqu | 22/07/2024, 17:56:26 tarixində [Phalcon Sistemi] - Loqun məzmunu: Endpoint: / - Metod: GET - İstifadəçi: Bilinmir - IP: ::1
info Loqu | 22/07/2024, 17:56:32 tarixində [Phalcon Sistemi] - Loqun məzmunu: Endpoint: /login - Metod: POST - İstifadəçi: Bilinmir - IP: ::1
info Loqu | 22/07/2024, 17:56:32 tarixində [Phalcon Sistemi] - Loqun məzmunu: Endpoint: /dashboard - Metod: GET - İstifadəçi: superadmin@gov.az - IP: ::1
info Loqu | 22/07/2024, 17:56:32 tarixində [Phalcon Sistemi] - Loqun məzmunu: Endpoint: /favicon.ico - Metod: GET - İstifadəçi: superadmin@gov.az - IP: ::1
info Loqu | 22/07/2024, 17:57:12 tarixində [Phalcon Sistemi] - Loqun məzmunu: Endpoint: /dashboard - Metod: GET - İstifadəçi: superadmin@gov.az - IP: ::1
info Loqu | 22/07/2024, 17:57:12 tarixində [Phalcon Sistemi] - Loqun məzmunu: Endpoint: /favicon.ico - Metod: GET - İstifadəçi: superadmin@gov.az - IP: ::1
info Loqu | 22/07/2024, 17:57:13 tarixində [Phalcon Sistemi] - Loqun məzmunu: Endpoint: /dashboard - Metod: GET - İstifadəçi: Bilinmir - IP: ::1
info Loqu | 22/07/2024, 17:57:13 tarixində [Phalcon Sistemi] - Loqun məzmunu: Endpoint: /favicon.ico - Metod: GET - İstifadəçi: Bilinmir - IP: ::1
info Loqu | 22/07/2024, 17:57:15 tarixində [Phalcon Sistemi] - Loqun məzmunu: Endpoint: / - Metod: GET - İstifadəçi: Bilinmir - IP: ::1
info Loqu | 22/07/2024, 17:57:20 tarixində [Phalcon Sistemi] - Loqun məzmunu: Endpoint: /login - Metod: POST - İstifadəçi: Bilinmir - IP: ::1
info Loqu | 22/07/2024, 17:57:20 tarixində [Phalcon Sistemi] - Loqun məzmunu: Endpoint: /dashboard - Metod: GET - İstifadəçi: superadmin@gov.az - IP: ::1
info Loqu | 22/07/2024, 17:57:54 tarixində [Phalcon Sistemi] - Loqun məzmunu: Endpoint: /dashboard - Metod: GET - İstifadəçi: Bilinmir - IP: ::1
info Loqu | 22/07/2024, 17:57:54 tarixində [Phalcon Sistemi] - Loqun məzmunu: Endpoint: /favicon.ico - Metod: GET - İstifadəçi: Bilinmir - IP: ::1
info Loqu | 22/07/2024, 17:57:54 tarixində [Phalcon Sistemi] - Loqun məzmunu: Endpoint: /dashboard - Metod: GET - İstifadəçi: Bilinmir - IP: ::1
info Loqu | 22/07/2024, 17:57:54 tarixində [Phalcon Sistemi] - Loqun məzmunu: Endpoint: /favicon.ico - Metod: GET - İstifadəçi: Bilinmir - IP: ::1
info Loqu | 22/07/2024, 17:57:56 tarixində [Phalcon Sistemi] - Loqun məzmunu: Endpoint: / - Metod: GET - İstifadəçi: Bilinmir - IP: ::1
info Loqu | 22/07/2024, 17:58:01 tarixində [Phalcon Sistemi] - Loqun məzmunu: Endpoint: /login - Metod: POST - İstifadəçi: Bilinmir - IP: ::1
info Loqu | 22/07/2024, 17:58:01 tarixində [Phalcon Sistemi] - Loqun məzmunu: Endpoint: /dashboard - Metod: GET - İstifadəçi: superadmin@gov.az - IP: ::1
info Loqu | 22/07/2024, 17:58:06 tarixində [Phalcon Sistemi] - Loqun məzmunu: Endpoint: /inbox - Metod: GET - İstifadəçi: superadmin@gov.az - IP: ::1
info Loqu | 22/07/2024, 17:59:24 tarixində [Phalcon Sistemi] - Loqun məzmunu: Endpoint: /inbox - Metod: GET - İstifadəçi: superadmin@gov.az - IP: ::1
info Loqu | 22/07/2024, 17:59:25 tarixində [Phalcon Sistemi] - Loqun məzmunu: Endpoint: /inbox - Metod: GET - İstifadəçi: Bilinmir - IP: ::1
info Loqu | 22/07/2024, 17:59:25 tarixində [Phalcon Sistemi] - Loqun məzmunu: Endpoint: /favicon.ico - Metod: GET - İstifadəçi: Bilinmir - IP: ::1
info Loqu | 22/07/2024, 17:59:28 tarixində [Phalcon Sistemi] - Loqun məzmunu: Endpoint: / - Metod: GET - İstifadəçi: Bilinmir - IP: ::1
info Loqu | 22/07/2024, 17:59:33 tarixində [Phalcon Sistemi] - Loqun məzmunu: Endpoint: /login - Metod: POST - İstifadəçi: Bilinmir - IP: ::1
info Loqu | 22/07/2024, 17:59:33 tarixində [Phalcon Sistemi] - Loqun məzmunu: Endpoint: /dashboard - Metod: GET - İstifadəçi: superadmin@gov.az - IP: ::1
info Loqu | 22/07/2024, 17:59:34 tarixində [Phalcon Sistemi] - Loqun məzmunu: Endpoint: /inbox - Metod: GET - İstifadəçi: superadmin@gov.az - IP: ::1
info Loqu | 22/07/2024, 18:01:52 tarixində [Phalcon Sistemi] - Loqun məzmunu: Endpoint: /inbox - Metod: GET - İstifadəçi: Bilinmir - IP: ::1
info Loqu | 22/07/2024, 18:01:52 tarixində [Phalcon Sistemi] - Loqun məzmunu: Endpoint: /favicon.ico - Metod: GET - İstifadəçi: Bilinmir - IP: ::1
info Loqu | 22/07/2024, 18:01:52 tarixində [Phalcon Sistemi] - Loqun məzmunu: Endpoint: /inbox - Metod: GET - İstifadəçi: Bilinmir - IP: ::1
info Loqu | 22/07/2024, 18:01:52 tarixində [Phalcon Sistemi] - Loqun məzmunu: Endpoint: /favicon.ico - Metod: GET - İstifadəçi: Bilinmir - IP: ::1
info Loqu | 22/07/2024, 18:01:54 tarixində [Phalcon Sistemi] - Loqun məzmunu: Endpoint: / - Metod: GET - İstifadəçi: Bilinmir - IP: ::1
info Loqu | 22/07/2024, 18:01:59 tarixində [Phalcon Sistemi] - Loqun məzmunu: Endpoint: /login - Metod: POST - İstifadəçi: Bilinmir - IP: ::1
info Loqu | 22/07/2024, 18:01:59 tarixində [Phalcon Sistemi] - Loqun məzmunu: Endpoint: /dashboard - Metod: GET - İstifadəçi: superadmin@gov.az - IP: ::1
info Loqu | 22/07/2024, 18:02:00 tarixində [Phalcon Sistemi] - Loqun məzmunu: Endpoint: /inbox - Metod: GET - İstifadəçi: superadmin@gov.az - IP: ::1
info Loqu | 22/07/2024, 18:04:15 tarixində [Phalcon Sistemi] - Loqun məzmunu: Endpoint: /inbox - Metod: GET - İstifadəçi: Bilinmir - IP: ::1
info Loqu | 22/07/2024, 18:04:16 tarixində [Phalcon Sistemi] - Loqun məzmunu: Endpoint: /inbox - Metod: GET - İstifadəçi: Bilinmir - IP: ::1
info Loqu | 22/07/2024, 18:04:16 tarixində [Phalcon Sistemi] - Loqun məzmunu: Endpoint: /favicon.ico - Metod: GET - İstifadəçi: Bilinmir - IP: ::1
info Loqu | 22/07/2024, 18:04:18 tarixində [Phalcon Sistemi] - Loqun məzmunu: Endpoint: / - Metod: GET - İstifadəçi: Bilinmir - IP: ::1
info Loqu | 22/07/2024, 18:04:22 tarixində [Phalcon Sistemi] - Loqun məzmunu: Endpoint: /login - Metod: POST - İstifadəçi: Bilinmir - IP: ::1
info Loqu | 22/07/2024, 18:04:23 tarixində [Phalcon Sistemi] - Loqun məzmunu: Endpoint: /dashboard - Metod: GET - İstifadəçi: superadmin@gov.az - IP: ::1
info Loqu | 22/07/2024, 18:04:24 tarixində [Phalcon Sistemi] - Loqun məzmunu: Endpoint: /inbox - Metod: GET - İstifadəçi: superadmin@gov.az - IP: ::1
info Loqu | 22/07/2024, 18:04:38 tarixində [Phalcon Sistemi] - Loqun məzmunu: Endpoint: /new-received - Metod: GET - İstifadəçi: superadmin@gov.az - IP: ::1
info Loqu | 22/07/2024, 18:04:43 tarixində [Phalcon Sistemi] - Loqun məzmunu: Endpoint: /sent - Metod: GET - İstifadəçi: superadmin@gov.az - IP: ::1
